<?xml version="1.0" encoding="UTF-8" ?>
<testsuite tests="6" failures="0" name="party.pjc.blog.service.impl.PostServiceTest" time="0.008" errors="6" skipped="0">
  <properties>
[...]
</properties>
  <testcase classname="party.pjc.blog.service.impl.PostServiceTest" name="testSelectPostsAndTags" time="0">
    <error message="Failed to load ApplicationContext" type="java.lang.IllegalStateException">java.lang.IllegalStateException: Failed to load ApplicationContext
	at org.springframework.test.context.DefaultCacheAwareContextLoaderDelegate.loadContext(DefaultCacheAwareContextLoaderDelegate.java:94)
	at org.springframework.test.context.DefaultTestContext.getApplicationContext(DefaultTestContext.java:72)
	at org.springframework.test.context.support.DependencyInjectionTestExecutionListener.injectDependencies(DependencyInjectionTestExecutionListener.java:117)
	at org.springframework.test.context.support.DependencyInjectionTestExecutionListener.prepareTestInstance(DependencyInjectionTestExecutionListener.java:83)
	at org.springframework.test.context.TestContextManager.prepareTestInstance(TestContextManager.java:212)
	at org.springframework.test.context.junit4.SpringJUnit4ClassRunner.createTest(SpringJUnit4ClassRunner.java:200)
	at org.springframework.test.context.junit4.SpringJUnit4ClassRunner$1.runReflectiveCall(SpringJUnit4ClassRunner.java:259)
	at org.junit.internal.runners.model.ReflectiveCallable.run(ReflectiveCallable.java:12)
	at org.springframework.test.context.junit4.SpringJUnit4ClassRunner.methodBlock(SpringJUnit4ClassRunner.java:261)
	at org.springframework.test.context.junit4.SpringJUnit4ClassRunner.runChild(SpringJUnit4ClassRunner.java:219)
	at org.springframework.test.context.junit4.SpringJUnit4ClassRunner.runChild(SpringJUnit4ClassRunner.java:83)
	at org.junit.runners.ParentRunner$3.run(ParentRunner.java:238)
	at org.junit.runners.ParentRunner$1.schedule(ParentRunner.java:63)
	at org.junit.runners.ParentRunner.runChildren(ParentRunner.java:236)
	at org.junit.runners.ParentRunner.access$000(ParentRunner.java:53)
	at org.junit.runners.ParentRunner$2.evaluate(ParentRunner.java:229)
	at org.springframework.test.context.junit4.statements.RunBeforeTestClassCallbacks.evaluate(RunBeforeTestClassCallbacks.java:61)
	at org.springframework.test.context.junit4.statements.RunAfterTestClassCallbacks.evaluate(RunAfterTestClassCallbacks.java:68)
	at org.junit.runners.ParentRunner.run(ParentRunner.java:309)
	at org.springframework.test.context.junit4.SpringJUnit4ClassRunner.run(SpringJUnit4ClassRunner.java:163)
	at org.apache.maven.surefire.junit4.JUnit4Provider.execute(JUnit4Provider.java:252)
	at org.apache.maven.surefire.junit4.JUnit4Provider.executeTestSet(JUnit4Provider.java:141)
	at org.apache.maven.surefire.junit4.JUnit4Provider.invoke(JUnit4Provider.java:112)
	at sun.reflect.NativeMethodAccessorImpl.invoke0(Native Method)
	at sun.reflect.NativeMethodAccessorImpl.invoke(NativeMethodAccessorImpl.java:62)
	at sun.reflect.DelegatingMethodAccessorImpl.invoke(DelegatingMethodAccessorImpl.java:43)
	at java.lang.reflect.Method.invoke(Method.java:498)
	at org.apache.maven.surefire.util.ReflectionUtils.invokeMethodWithArray(ReflectionUtils.java:189)
	at org.apache.maven.surefire.booter.ProviderFactory$ProviderProxy.invoke(ProviderFactory.java:165)
	at org.apache.maven.surefire.booter.ProviderFactory.invokeProvider(ProviderFactory.java:85)
	at org.apache.maven.surefire.booter.ForkedBooter.runSuitesInProcess(ForkedBooter.java:115)
	at org.apache.maven.surefire.booter.ForkedBooter.main(ForkedBooter.java:75)
Caused by: org.springframework.beans.factory.BeanCreationException: Error creating bean with name &apos;shiroFilter&apos; defined in class path resource [applicationContext.xml]: BeanPostProcessor before instantiation of bean failed; nested exception is org.springframework.beans.factory.BeanCreationException: Error creating bean with name &apos;org.apache.shiro.spring.security.interceptor.AuthorizationAttributeSourceAdvisor#0&apos; defined in class path resource [applicationContext.xml]: Cannot resolve reference to bean &apos;securityManager&apos; while setting bean property &apos;securityManager&apos;; nested exception is org.springframework.beans.factory.BeanCreationException: Error creating bean with name &apos;securityManager&apos; defined in class path resource [applicationContext.xml]: Cannot resolve reference to bean &apos;myRealm&apos; while setting bean property &apos;realm&apos;; nested exception is org.springframework.beans.factory.BeanCreationException: Error creating bean with name &apos;myRealm&apos;: Injection of autowired dependencies failed; nested exception is org.springframework.beans.factory.BeanCreationException: Could not autowire field: private party.pjc.blog.service.UserService party.pjc.blog.realm.MyRealm.userService; nested exception is java.lang.NoClassDefFoundError: javax/servlet/ServletContext
Related cause: org.springframework.beans.factory.BeanCurrentlyInCreationException: Error creating bean with name &apos;shiroFilter&apos;: Requested bean is currently in creation: Is there an unresolvable circular reference?
	at org.springframework.beans.factory.support.AbstractAutowireCapableBeanFactory.createBean(AbstractAutowireCapableBeanFactory.java:472)
	at org.springframework.beans.factory.support.AbstractBeanFactory$1.getObject(AbstractBeanFactory.java:303)
	at org.springframework.beans.factory.support.DefaultSingletonBeanRegistry.getSingleton(DefaultSingletonBeanRegistry.java:230)
	at org.springframework.beans.factory.support.AbstractBeanFactory.doGetBean(AbstractBeanFactory.java:299)
	at org.springframework.beans.factory.support.AbstractBeanFactory.getBean(AbstractBeanFactory.java:199)
	at org.springframework.context.support.PostProcessorRegistrationDelegate.registerBeanPostProcessors(PostProcessorRegistrationDelegate.java:232)
	at org.springframework.context.support.AbstractApplicationContext.registerBeanPostProcessors(AbstractApplicationContext.java:615)
	at org.springframework.context.support.AbstractApplicationContext.refresh(AbstractApplicationContext.java:465)
	at org.springframework.test.context.support.AbstractGenericContextLoader.loadContext(AbstractGenericContextLoader.java:125)
	at org.springframework.test.context.support.AbstractGenericContextLoader.loadContext(AbstractGenericContextLoader.java:60)
	at org.springframework.test.context.support.AbstractDelegatingSmartContextLoader.delegateLoading(AbstractDelegatingSmartContextLoader.java:109)
	at org.springframework.test.context.support.AbstractDelegatingSmartContextLoader.loadContext(AbstractDelegatingSmartContextLoader.java:261)
	at org.springframework.test.context.DefaultCacheAwareContextLoaderDelegate.loadContextInternal(DefaultCacheAwareContextLoaderDelegate.java:68)
	at org.springframework.test.context.DefaultCacheAwareContextLoaderDelegate.loadContext(DefaultCacheAwareContextLoaderDelegate.java:86)
	... 31 more
Caused by: org.springframework.beans.factory.BeanCreationException: Error creating bean with name &apos;org.apache.shiro.spring.security.interceptor.AuthorizationAttributeSourceAdvisor#0&apos; defined in class path resource [applicationContext.xml]: Cannot resolve reference to bean &apos;securityManager&apos; while setting bean property &apos;securityManager&apos;; nested exception is org.springframework.beans.factory.BeanCreationException: Error creating bean with name &apos;securityManager&apos; defined in class path resource [applicationContext.xml]: Cannot resolve reference to bean &apos;myRealm&apos; while setting bean property &apos;realm&apos;; nested exception is org.springframework.beans.factory.BeanCreationException: Error creating bean with name &apos;myRealm&apos;: Injection of autowired dependencies failed; nested exception is org.springframework.beans.factory.BeanCreationException: Could not autowire field: private party.pjc.blog.service.UserService party.pjc.blog.realm.MyRealm.userService; nested exception is java.lang.NoClassDefFoundError: javax/servlet/ServletContext
	at org.springframework.beans.factory.support.BeanDefinitionValueResolver.resolveReference(BeanDefinitionValueResolver.java:359)
	at org.springframework.beans.factory.support.BeanDefinitionValueResolver.resolveValueIfNecessary(BeanDefinitionValueResolver.java:108)
	at org.springframework.beans.factory.support.AbstractAutowireCapableBeanFactory.applyPropertyValues(AbstractAutowireCapableBeanFactory.java:1477)
	at org.springframework.beans.factory.support.AbstractAutowireCapableBeanFactory.populateBean(AbstractAutowireCapableBeanFactory.java:1222)
	at org.springframework.beans.factory.support.AbstractAutowireCapableBeanFactory.doCreateBean(AbstractAutowireCapableBeanFactory.java:537)
	at org.springframework.beans.factory.support.AbstractAutowireCapableBeanFactory.createBean(AbstractAutowireCapableBeanFactory.java:476)
	at org.springframework.beans.factory.support.AbstractBeanFactory$1.getObject(AbstractBeanFactory.java:303)
	at org.springframework.beans.factory.support.DefaultSingletonBeanRegistry.getSingleton(DefaultSingletonBeanRegistry.java:230)
	at org.springframework.beans.factory.support.AbstractBeanFactory.doGetBean(AbstractBeanFactory.java:299)
	at org.springframework.beans.factory.support.AbstractBeanFactory.getBean(AbstractBeanFactory.java:199)
	at org.springframework.aop.framework.autoproxy.BeanFactoryAdvisorRetrievalHelper.findAdvisorBeans(BeanFactoryAdvisorRetrievalHelper.java:92)
	at org.springframework.aop.framework.autoproxy.AbstractAdvisorAutoProxyCreator.findCandidateAdvisors(AbstractAdvisorAutoProxyCreator.java:101)
	at org.springframework.aop.aspectj.autoproxy.AspectJAwareAdvisorAutoProxyCreator.shouldSkip(AspectJAwareAdvisorAutoProxyCreator.java:103)
	at org.springframework.aop.framework.autoproxy.AbstractAutoProxyCreator.postProcessBeforeInstantiation(AbstractAutoProxyCreator.java:243)
	at org.springframework.beans.factory.support.AbstractAutowireCapableBeanFactory.applyBeanPostProcessorsBeforeInstantiation(AbstractAutowireCapableBeanFactory.java:984)
	at org.springframework.beans.factory.support.AbstractAutowireCapableBeanFactory.resolveBeforeInstantiation(AbstractAutowireCapableBeanFactory.java:955)
	at org.springframework.beans.factory.support.AbstractAutowireCapableBeanFactory.createBean(AbstractAutowireCapableBeanFactory.java:466)
	... 44 more
Caused by: org.springframework.beans.factory.BeanCreationException: Error creating bean with name &apos;securityManager&apos; defined in class path resource [applicationContext.xml]: Cannot resolve reference to bean &apos;myRealm&apos; while setting bean property &apos;realm&apos;; nested exception is org.springframework.beans.factory.BeanCreationException: Error creating bean with name &apos;myRealm&apos;: Injection of autowired dependencies failed; nested exception is org.springframework.beans.factory.BeanCreationException: Could not autowire field: private party.pjc.blog.service.UserService party.pjc.blog.realm.MyRealm.userService; nested exception is java.lang.NoClassDefFoundError: javax/servlet/ServletContext
	at org.springframework.beans.factory.support.BeanDefinitionValueResolver.resolveReference(BeanDefinitionValueResolver.java:359)
	at org.springframework.beans.factory.support.BeanDefinitionValueResolver.resolveValueIfNecessary(BeanDefinitionValueResolver.java:108)
	at org.springframework.beans.factory.support.AbstractAutowireCapableBeanFactory.applyPropertyValues(AbstractAutowireCapableBeanFactory.java:1477)
	at org.springframework.beans.factory.support.AbstractAutowireCapableBeanFactory.populateBean(AbstractAutowireCapableBeanFactory.java:1222)
	at org.springframework.beans.factory.support.AbstractAutowireCapableBeanFactory.doCreateBean(AbstractAutowireCapableBeanFactory.java:537)
	at org.springframework.beans.factory.support.AbstractAutowireCapableBeanFactory.createBean(AbstractAutowireCapableBeanFactory.java:476)
	at org.springframework.beans.factory.support.AbstractBeanFactory$1.getObject(AbstractBeanFactory.java:303)
	at org.springframework.beans.factory.support.DefaultSingletonBeanRegistry.getSingleton(DefaultSingletonBeanRegistry.java:230)
	at org.springframework.beans.factory.support.AbstractBeanFactory.doGetBean(AbstractBeanFactory.java:299)
	at org.springframework.beans.factory.support.AbstractBeanFactory.getBean(AbstractBeanFactory.java:194)
	at org.springframework.beans.factory.support.BeanDefinitionValueResolver.resolveReference(BeanDefinitionValueResolver.java:351)
	... 60 more
Caused by: org.springframework.beans.factory.BeanCreationException: Error creating bean with name &apos;myRealm&apos;: Injection of autowired dependencies failed; nested exception is org.springframework.beans.factory.BeanCreationException: Could not autowire field: private party.pjc.blog.service.UserService party.pjc.blog.realm.MyRealm.userService; nested exception is java.lang.NoClassDefFoundError: javax/servlet/ServletContext
	at org.springframework.beans.factory.annotation.AutowiredAnnotationBeanPostProcessor.postProcessPropertyValues(AutowiredAnnotationBeanPostProcessor.java:334)
	at org.springframework.beans.factory.support.AbstractAutowireCapableBeanFactory.populateBean(AbstractAutowireCapableBeanFactory.java:1210)
	at org.springframework.beans.factory.support.AbstractAutowireCapableBeanFactory.doCreateBean(AbstractAutowireCapableBeanFactory.java:537)
	at org.springframework.beans.factory.support.AbstractAutowireCapableBeanFactory.createBean(AbstractAutowireCapableBeanFactory.java:476)
	at org.springframework.beans.factory.support.AbstractBeanFactory$1.getObject(AbstractBeanFactory.java:303)
	at org.springframework.beans.factory.support.DefaultSingletonBeanRegistry.getSingleton(DefaultSingletonBeanRegistry.java:230)
	at org.springframework.beans.factory.support.AbstractBeanFactory.doGetBean(AbstractBeanFactory.java:299)
	at org.springframework.beans.factory.support.AbstractBeanFactory.getBean(AbstractBeanFactory.java:194)
	at org.springframework.beans.factory.support.BeanDefinitionValueResolver.resolveReference(BeanDefinitionValueResolver.java:351)
	... 70 more
Caused by: org.springframework.beans.factory.BeanCreationException: Could not autowire field: private party.pjc.blog.service.UserService party.pjc.blog.realm.MyRealm.userService; nested exception is java.lang.NoClassDefFoundError: javax/servlet/ServletContext
	at org.springframework.beans.factory.annotation.AutowiredAnnotationBeanPostProcessor$AutowiredFieldElement.inject(AutowiredAnnotationBeanPostProcessor.java:561)
	at org.springframework.beans.factory.annotation.InjectionMetadata.inject(InjectionMetadata.java:88)
	at org.springframework.beans.factory.annotation.AutowiredAnnotationBeanPostProcessor.postProcessPropertyValues(AutowiredAnnotationBeanPostProcessor.java:331)
	... 78 more
Caused by: java.lang.NoClassDefFoundError: javax/servlet/ServletContext
	at java.lang.Class.getDeclaredMethods0(Native Method)
	at java.lang.Class.privateGetDeclaredMethods(Class.java:2701)
	at java.lang.Class.getDeclaredMethods(Class.java:1975)
	at org.springframework.util.ReflectionUtils.getDeclaredMethods(ReflectionUtils.java:572)
	at org.springframework.util.ReflectionUtils.doWithMethods(ReflectionUtils.java:489)
	at org.springframework.util.ReflectionUtils.doWithMethods(ReflectionUtils.java:475)
	at org.springframework.beans.factory.annotation.AutowiredAnnotationBeanPostProcessor.determineCandidateConstructors(AutowiredAnnotationBeanPostProcessor.java:241)
	at org.springframework.beans.factory.support.AbstractAutowireCapableBeanFactory.determineConstructorsFromBeanPostProcessors(AbstractAutowireCapableBeanFactory.java:1065)
	at org.springframework.beans.factory.support.AbstractAutowireCapableBeanFactory.createBeanInstance(AbstractAutowireCapableBeanFactory.java:1038)
	at org.springframework.beans.factory.support.AbstractAutowireCapableBeanFactory.getSingletonFactoryBeanForTypeCheck(AbstractAutowireCapableBeanFactory.java:860)
	at org.springframework.beans.factory.support.AbstractAutowireCapableBeanFactory.getTypeForFactoryBean(AbstractAutowireCapableBeanFactory.java:790)
	at org.springframework.beans.factory.support.AbstractBeanFactory.isTypeMatch(AbstractBeanFactory.java:542)
	at org.springframework.beans.factory.support.DefaultListableBeanFactory.doGetBeanNamesForType(DefaultListableBeanFactory.java:436)
	at org.springframework.beans.factory.support.DefaultListableBeanFactory.getBeanNamesForType(DefaultListableBeanFactory.java:404)
	at org.springframework.beans.factory.BeanFactoryUtils.beanNamesForTypeIncludingAncestors(BeanFactoryUtils.java:186)
	at org.springframework.beans.factory.support.DefaultListableBeanFactory.findAutowireCandidates(DefaultListableBeanFactory.java:1105)
	at org.springframework.beans.factory.support.DefaultListableBeanFactory.doResolveDependency(DefaultListableBeanFactory.java:1044)
	at org.springframework.beans.factory.support.DefaultListableBeanFactory.resolveDependency(DefaultListableBeanFactory.java:942)
	at org.springframework.beans.factory.annotation.AutowiredAnnotationBeanPostProcessor$AutowiredFieldElement.inject(AutowiredAnnotationBeanPostProcessor.java:533)
	... 80 more
Caused by: java.lang.ClassNotFoundException: javax.servlet.ServletContext
	at java.net.URLClassLoader.findClass(URLClassLoader.java:381)
	at java.lang.ClassLoader.loadClass(ClassLoader.java:424)
	at sun.misc.Launcher$AppClassLoader.loadClass(Launcher.java:335)
	at java.lang.ClassLoader.loadClass(ClassLoader.java:357)
	... 99 more
</error>
    <system-out>[DEBUG] 2017-05-22 02:54:34,588 method:org.springframework.test.context.support.DirtiesContextTestExecutionListener.afterTestClass(DirtiesContextTestExecutionListener.java:118)
After test class: context [DefaultTestContext@58359ebd testClass = LinkServiceImplTest, testInstance = [null], testMethod = [null], testException = [null], mergedContextConfiguration = [MergedContextConfiguration@72cf2de5 testClass = LinkServiceImplTest, locations = &apos;{classpath:applicationContext.xml, classpath:spring-mvc.xml}&apos;, classes = &apos;{}&apos;, contextInitializerClasses = &apos;[]&apos;, activeProfiles = &apos;{}&apos;, propertySourceLocations = &apos;{}&apos;, propertySourceProperties = &apos;{}&apos;, contextLoader = &apos;org.springframework.test.context.support.DelegatingSmartContextLoader&apos;, parent = [null]]], dirtiesContext [false].
[DEBUG] 2017-05-22 02:54:34,590 method:org.springframework.test.context.junit4.SpringJUnit4ClassRunner.&lt;init&gt;(SpringJUnit4ClassRunner.java:113)
SpringJUnit4ClassRunner constructor called with [class party.pjc.blog.service.impl.PostServiceTest].
[DEBUG] 2017-05-22 02:54:34,591 method:org.springframework.test.context.BootstrapUtils.resolveTestContextBootstrapper(BootstrapUtils.java:78)
Instantiating TestContextBootstrapper from class [org.springframework.test.context.support.DefaultTestContextBootstrapper]
[DEBUG] 2017-05-22 02:54:34,593 method:org.springframework.test.context.support.AbstractDelegatingSmartContextLoader.delegateProcessing(AbstractDelegatingSmartContextLoader.java:97)
Delegating to GenericXmlContextLoader to process context configuration [ContextConfigurationAttributes@72bd06ca declaringClass = &apos;party.pjc.blog.service.impl.PostServiceTest&apos;, classes = &apos;{}&apos;, locations = &apos;{classpath:applicationContext.xml, classpath:spring-mvc.xml, classpath:spring-redis.xml}&apos;, inheritLocations = true, initializers = &apos;{}&apos;, inheritInitializers = true, name = [null], contextLoaderClass = &apos;org.springframework.test.context.ContextLoader&apos;].
[DEBUG] 2017-05-22 02:54:34,594 method:org.springframework.test.context.support.ActiveProfilesUtils.resolveActiveProfiles(ActiveProfilesUtils.java:83)
Could not find an &apos;annotation declaring class&apos; for annotation type [org.springframework.test.context.ActiveProfiles] and class [party.pjc.blog.service.impl.PostServiceTest]
[DEBUG] 2017-05-22 02:54:34,594 method:org.springframework.test.context.support.AbstractTestContextBootstrapper.getTestExecutionListeners(AbstractTestContextBootstrapper.java:113)
@TestExecutionListeners is not present for class [party.pjc.blog.service.impl.PostServiceTest]: using defaults.
[INFO ] 2017-05-22 02:54:34,596 method:org.springframework.test.context.support.AbstractTestContextBootstrapper.getDefaultTestExecutionListenerClassNames(AbstractTestContextBootstrapper.java:256)
Loaded default TestExecutionListener class names from location [META-INF/spring.factories]: [org.springframework.test.context.web.ServletTestExecutionListener, org.springframework.test.context.support.DependencyInjectionTestExecutionListener, org.springframework.test.context.support.DirtiesContextTestExecutionListener, org.springframework.test.context.transaction.TransactionalTestExecutionListener, org.springframework.test.context.jdbc.SqlScriptsTestExecutionListener]
[INFO ] 2017-05-22 02:54:34,597 method:org.springframework.test.context.support.AbstractTestContextBootstrapper.instantiateListeners(AbstractTestContextBootstrapper.java:204)
Could not instantiate TestExecutionListener [org.springframework.test.context.web.ServletTestExecutionListener]. Specify custom listener classes or make the default listener classes (and their required dependencies) available. Offending class: [javax/servlet/ServletContext]
[INFO ] 2017-05-22 02:54:34,597 method:org.springframework.test.context.support.AbstractTestContextBootstrapper.getTestExecutionListeners(AbstractTestContextBootstrapper.java:182)
Using TestExecutionListeners: [org.springframework.test.context.support.DependencyInjectionTestExecutionListener@1a1da881, org.springframework.test.context.support.DirtiesContextTestExecutionListener@5b970f7, org.springframework.test.context.transaction.TransactionalTestExecutionListener@7fd4acee, org.springframework.test.context.jdbc.SqlScriptsTestExecutionListener@165b8a71]
[DEBUG] 2017-05-22 02:54:34,598 method:org.springframework.test.annotation.ProfileValueUtils.retrieveProfileValueSource(ProfileValueUtils.java:71)
Retrieved @ProfileValueSourceConfiguration [null] for test class [party.pjc.blog.service.impl.PostServiceTest]
[DEBUG] 2017-05-22 02:54:34,599 method:org.springframework.test.annotation.ProfileValueUtils.retrieveProfileValueSource(ProfileValueUtils.java:83)
Retrieved ProfileValueSource type [class org.springframework.test.annotation.SystemProfileValueSource] for class [party.pjc.blog.service.impl.PostServiceTest]
[DEBUG] 2017-05-22 02:54:34,599 method:org.springframework.test.annotation.ProfileValueUtils.retrieveProfileValueSource(ProfileValueUtils.java:71)
Retrieved @ProfileValueSourceConfiguration [null] for test class [party.pjc.blog.service.impl.PostServiceTest]
[DEBUG] 2017-05-22 02:54:34,599 method:org.springframework.test.annotation.ProfileValueUtils.retrieveProfileValueSource(ProfileValueUtils.java:83)
Retrieved ProfileValueSource type [class org.springframework.test.annotation.SystemProfileValueSource] for class [party.pjc.blog.service.impl.PostServiceTest]
[DEBUG] 2017-05-22 02:54:34,601 method:org.springframework.test.annotation.ProfileValueUtils.retrieveProfileValueSource(ProfileValueUtils.java:71)
Retrieved @ProfileValueSourceConfiguration [null] for test class [party.pjc.blog.service.impl.PostServiceTest]
[DEBUG] 2017-05-22 02:54:34,601 method:org.springframework.test.annotation.ProfileValueUtils.retrieveProfileValueSource(ProfileValueUtils.java:83)
Retrieved ProfileValueSource type [class org.springframework.test.annotation.SystemProfileValueSource] for class [party.pjc.blog.service.impl.PostServiceTest]
[DEBUG] 2017-05-22 02:54:34,601 method:org.springframework.test.context.support.DependencyInjectionTestExecutionListener.prepareTestInstance(DependencyInjectionTestExecutionListener.java:81)
Performing dependency injection for test context [[DefaultTestContext@6175619b testClass = PostServiceTest, testInstance = party.pjc.blog.service.impl.PostServiceTest@2f058b8a, testMethod = [null], testException = [null], mergedContextConfiguration = [MergedContextConfiguration@756cf158 testClass = PostServiceTest, locations = &apos;{classpath:applicationContext.xml, classpath:spring-mvc.xml, classpath:spring-redis.xml}&apos;, classes = &apos;{}&apos;, contextInitializerClasses = &apos;[]&apos;, activeProfiles = &apos;{}&apos;, propertySourceLocations = &apos;{}&apos;, propertySourceProperties = &apos;{}&apos;, contextLoader = &apos;org.springframework.test.context.support.DelegatingSmartContextLoader&apos;, parent = [null]]]].
[DEBUG] 2017-05-22 02:54:34,602 method:org.springframework.test.context.support.AbstractDelegatingSmartContextLoader.delegateLoading(AbstractDelegatingSmartContextLoader.java:107)
Delegating to GenericXmlContextLoader to load context from [MergedContextConfiguration@756cf158 testClass = PostServiceTest, locations = &apos;{classpath:applicationContext.xml, classpath:spring-mvc.xml, classpath:spring-redis.xml}&apos;, classes = &apos;{}&apos;, contextInitializerClasses = &apos;[]&apos;, activeProfiles = &apos;{}&apos;, propertySourceLocations = &apos;{}&apos;, propertySourceProperties = &apos;{}&apos;, contextLoader = &apos;org.springframework.test.context.support.DelegatingSmartContextLoader&apos;, parent = [null]].
[DEBUG] 2017-05-22 02:54:34,602 method:org.springframework.test.context.support.AbstractGenericContextLoader.loadContext(AbstractGenericContextLoader.java:107)
Loading ApplicationContext for merged context configuration [[MergedContextConfiguration@756cf158 testClass = PostServiceTest, locations = &apos;{classpath:applicationContext.xml, classpath:spring-mvc.xml, classpath:spring-redis.xml}&apos;, classes = &apos;{}&apos;, contextInitializerClasses = &apos;[]&apos;, activeProfiles = &apos;{}&apos;, propertySourceLocations = &apos;{}&apos;, propertySourceProperties = &apos;{}&apos;, contextLoader = &apos;org.springframework.test.context.support.DelegatingSmartContextLoader&apos;, parent = [null]]].
[DEBUG] 2017-05-22 02:54:34,603 method:org.springframework.core.env.MutablePropertySources.addLast(MutablePropertySources.java:109)
Adding [systemProperties] PropertySource with lowest search precedence
[DEBUG] 2017-05-22 02:54:34,603 method:org.springframework.core.env.MutablePropertySources.addLast(MutablePropertySources.java:109)
Adding [systemEnvironment] PropertySource with lowest search precedence
[DEBUG] 2017-05-22 02:54:34,603 method:org.springframework.core.env.AbstractEnvironment.&lt;init&gt;(AbstractEnvironment.java:126)
Initialized StandardEnvironment with PropertySources [systemProperties,systemEnvironment]
[INFO ] 2017-05-22 02:54:34,604 method:org.springframework.beans.factory.xml.XmlBeanDefinitionReader.loadBeanDefinitions(XmlBeanDefinitionReader.java:317)
Loading XML bean definitions from class path resource [applicationContext.xml]
[DEBUG] 2017-05-22 02:54:34,605 method:org.springframework.beans.factory.xml.DefaultDocumentLoader.loadDocument(DefaultDocumentLoader.java:73)
Using JAXP provider [com.sun.org.apache.xerces.internal.jaxp.DocumentBuilderFactoryImpl]
[DEBUG] 2017-05-22 02:54:34,606 method:org.springframework.beans.factory.xml.PluggableSchemaResolver.getSchemaMappings(PluggableSchemaResolver.java:141)
Loading schema mappings from [META-INF/spring.schemas]
[DEBUG] 2017-05-22 02:54:34,608 method:org.springframework.beans.factory.xml.PluggableSchemaResolver.getSchemaMappings(PluggableSchemaResolver.java:147)
Loaded schema mappings: {http://www.springframework.org/schema/tx/spring-tx-2.5.xsd=org/springframework/transaction/config/spring-tx-2.5.xsd, http://www.springframework.org/schema/aop/spring-aop-4.1.xsd=org/springframework/aop/config/spring-aop-4.1.xsd, http://www.springframework.org/schema/context/spring-context-3.1.xsd=org/springframework/context/config/spring-context-3.1.xsd, http://www.springframework.org/schema/jdbc/spring-jdbc-4.1.xsd=org/springframework/jdbc/config/spring-jdbc-4.1.xsd, http://www.springframework.org/schema/util/spring-util-3.0.xsd=org/springframework/beans/factory/xml/spring-util-3.0.xsd, http://www.springframework.org/schema/mvc/spring-mvc-4.1.xsd=org/springframework/web/servlet/config/spring-mvc-4.1.xsd, http://mybatis.org/schema/mybatis-spring-1.2.xsd=org/mybatis/spring/config/mybatis-spring-1.2.xsd, http://www.springframework.org/schema/aop/spring-aop-3.2.xsd=org/springframework/aop/config/spring-aop-3.2.xsd, http://www.springframework.org/schema/tool/spring-tool.xsd=org/springframework/beans/factory/xml/spring-tool-4.1.xsd, http://www.springframework.org/schema/lang/spring-lang-4.1.xsd=org/springframework/scripting/config/spring-lang-4.1.xsd, http://www.springframework.org/schema/context/spring-context-4.0.xsd=org/springframework/context/config/spring-context-4.0.xsd, http://www.springframework.org/schema/mvc/spring-mvc-3.2.xsd=org/springframework/web/servlet/config/spring-mvc-3.2.xsd, http://www.springframework.org/schema/tool/spring-tool-4.1.xsd=org/springframework/beans/factory/xml/spring-tool-4.1.xsd, http://www.springframework.org/schema/lang/spring-lang-3.2.xsd=org/springframework/scripting/config/spring-lang-3.2.xsd, http://www.springframework.org/schema/cache/spring-cache-3.2.xsd=org/springframework/cache/config/spring-cache-3.2.xsd, http://www.springframework.org/schema/jee/spring-jee-4.1.xsd=org/springframework/ejb/config/spring-jee-4.1.xsd, http://www.springframework.org/schema/jdbc/spring-jdbc-3.1.xsd=org/springframework/jdbc/config/spring-jdbc-3.1.xsd, http://www.springframework.org/schema/util/spring-util-2.0.xsd=org/springframework/beans/factory/xml/spring-util-2.0.xsd, http://www.springframework.org/schema/tool/spring-tool-3.2.xsd=org/springframework/beans/factory/xml/spring-tool-3.2.xsd, http://www.springframework.org/schema/context/spring-context.xsd=org/springframework/context/config/spring-context-4.1.xsd, http://www.springframework.org/schema/cache/spring-cache-4.1.xsd=org/springframework/cache/config/spring-cache-4.1.xsd, http://www.springframework.org/schema/aop/spring-aop-4.0.xsd=org/springframework/aop/config/spring-aop-4.0.xsd, http://www.springframework.org/schema/jee/spring-jee-3.2.xsd=org/springframework/ejb/config/spring-jee-3.2.xsd, http://www.springframework.org/schema/context/spring-context-3.0.xsd=org/springframework/context/config/spring-context-3.0.xsd, http://www.springframework.org/schema/jdbc/spring-jdbc-4.0.xsd=org/springframework/jdbc/config/spring-jdbc-4.0.xsd, http://www.springframework.org/schema/util/spring-util-2.5.xsd=org/springframework/beans/factory/xml/spring-util-2.5.xsd, http://www.springframework.org/schema/mvc/spring-mvc-4.0.xsd=org/springframework/web/servlet/config/spring-mvc-4.0.xsd, http://www.springframework.org/schema/beans/spring-beans-3.2.xsd=org/springframework/beans/factory/xml/spring-beans-3.2.xsd, http://www.springframework.org/schema/aop/spring-aop-3.1.xsd=org/springframework/aop/config/spring-aop-3.1.xsd, http://www.springframework.org/schema/lang/spring-lang-4.0.xsd=org/springframework/scripting/config/spring-lang-4.0.xsd, http://www.springframework.org/schema/mvc/spring-mvc.xsd=org/springframework/web/servlet/config/spring-mvc-4.1.xsd, http://www.springframework.org/schema/mvc/spring-mvc-3.1.xsd=org/springframework/web/servlet/config/spring-mvc-3.1.xsd, http://www.springframework.org/schema/beans/spring-beans-4.1.xsd=org/springframework/beans/factory/xml/spring-beans-4.1.xsd, http://www.springframework.org/schema/tool/spring-tool-4.0.xsd=org/springframework/beans/factory/xml/spring-tool-4.0.xsd, http://www.springframework.org/schema/lang/spring-lang-3.1.xsd=org/springframework/scripting/config/spring-lang-3.1.xsd, http://www.springframework.org/schema/tx/spring-tx-3.2.xsd=org/springframework/transaction/config/spring-tx-3.2.xsd, http://www.springframework.org/schema/cache/spring-cache-3.1.xsd=org/springframework/cache/config/spring-cache-3.1.xsd, http://www.springframework.org/schema/jee/spring-jee-4.0.xsd=org/springframework/ejb/config/spring-jee-4.0.xsd, http://www.springframework.org/schema/jdbc/spring-jdbc-3.0.xsd=org/springframework/jdbc/config/spring-jdbc-3.0.xsd, http://www.springframework.org/schema/task/spring-task-4.1.xsd=org/springframework/scheduling/config/spring-task-4.1.xsd, http://www.springframework.org/schema/jdbc/spring-jdbc.xsd=org/springframework/jdbc/config/spring-jdbc-4.1.xsd, http://www.springframework.org/schema/tool/spring-tool-3.1.xsd=org/springframework/beans/factory/xml/spring-tool-3.1.xsd, http://www.springframework.org/schema/tx/spring-tx-4.1.xsd=org/springframework/transaction/config/spring-tx-4.1.xsd, http://www.springframework.org/schema/cache/spring-cache-4.0.xsd=org/springframework/cache/config/spring-cache-4.0.xsd, http://www.springframework.org/schema/jee/spring-jee-3.1.xsd=org/springframework/ejb/config/spring-jee-3.1.xsd, http://www.springframework.org/schema/task/spring-task-3.2.xsd=org/springframework/scheduling/config/spring-task-3.2.xsd, http://www.springframework.org/schema/beans/spring-beans-3.1.xsd=org/springframework/beans/factory/xml/spring-beans-3.1.xsd, http://www.springframework.org/schema/util/spring-util.xsd=org/springframework/beans/factory/xml/spring-util-4.1.xsd, http://www.springframework.org/schema/aop/spring-aop-3.0.xsd=org/springframework/aop/config/spring-aop-3.0.xsd, http://www.springframework.org/schema/mvc/spring-mvc-3.0.xsd=org/springframework/web/servlet/config/spring-mvc-3.0.xsd, http://www.springframework.org/schema/beans/spring-beans-4.0.xsd=org/springframework/beans/factory/xml/spring-beans-4.0.xsd, http://www.springframework.org/schema/beans/spring-beans.xsd=org/springframework/beans/factory/xml/spring-beans-4.1.xsd, http://mybatis.org/schema/mybatis-spring.xsd=org/mybatis/spring/config/mybatis-spring-1.2.xsd, http://www.springframework.org/schema/lang/spring-lang-3.0.xsd=org/springframework/scripting/config/spring-lang-3.0.xsd, http://www.springframework.org/schema/tx/spring-tx-3.1.xsd=org/springframework/transaction/config/spring-tx-3.1.xsd, http://www.springframework.org/schema/context/spring-context-2.5.xsd=org/springframework/context/config/spring-context-2.5.xsd, http://www.springframework.org/schema/task/spring-task-4.0.xsd=org/springframework/scheduling/config/spring-task-4.0.xsd, http://www.springframework.org/schema/tool/spring-tool-3.0.xsd=org/springframework/beans/factory/xml/spring-tool-3.0.xsd, http://www.springframework.org/schema/tx/spring-tx-4.0.xsd=org/springframework/transaction/config/spring-tx-4.0.xsd, http://www.springframework.org/schema/aop/spring-aop-2.0.xsd=org/springframework/aop/config/spring-aop-2.0.xsd, http://www.springframework.org/schema/jee/spring-jee-3.0.xsd=org/springframework/ejb/config/spring-jee-3.0.xsd, http://www.springframework.org/schema/util/spring-util-4.1.xsd=org/springframework/beans/factory/xml/spring-util-4.1.xsd, http://www.springframework.org/schema/task/spring-task-3.1.xsd=org/springframework/scheduling/config/spring-task-3.1.xsd, http://www.springframework.org/schema/beans/spring-beans-3.0.xsd=org/springframework/beans/factory/xml/spring-beans-3.0.xsd, http://www.springframework.org/schema/jee/spring-jee.xsd=org/springframework/ejb/config/spring-jee-4.1.xsd, http://www.springframework.org/schema/aop/spring-aop-2.5.xsd=org/springframework/aop/config/spring-aop-2.5.xsd, http://www.springframework.org/schema/lang/spring-lang-2.0.xsd=org/springframework/scripting/config/spring-lang-2.0.xsd, http://www.springframework.org/schema/util/spring-util-3.2.xsd=org/springframework/beans/factory/xml/spring-util-3.2.xsd, http://www.springframework.org/schema/task/spring-task.xsd=org/springframework/scheduling/config/spring-task-4.1.xsd, http://www.springframework.org/schema/tool/spring-tool-2.0.xsd=org/springframework/beans/factory/xml/spring-tool-2.0.xsd, http://www.springframework.org/schema/tx/spring-tx-3.0.xsd=org/springframework/transaction/config/spring-tx-3.0.xsd, http://www.springframework.org/schema/lang/spring-lang-2.5.xsd=org/springframework/scripting/config/spring-lang-2.5.xsd, http://www.springframework.org/schema/jee/spring-jee-2.0.xsd=org/springframework/ejb/config/spring-jee-2.0.xsd, http://www.springframework.org/schema/tool/spring-tool-2.5.xsd=org/springframework/beans/factory/xml/spring-tool-2.5.xsd, http://www.springframework.org/schema/jee/spring-jee-2.5.xsd=org/springframework/ejb/config/spring-jee-2.5.xsd, http://www.springframework.org/schema/util/spring-util-4.0.xsd=org/springframework/beans/factory/xml/spring-util-4.0.xsd, http://www.springframework.org/schema/task/spring-task-3.0.xsd=org/springframework/scheduling/config/spring-task-3.0.xsd, http://www.springframework.org/schema/lang/spring-lang.xsd=org/springframework/scripting/config/spring-lang-4.1.xsd, http://www.springframework.org/schema/context/spring-context-3.2.xsd=org/springframework/context/config/spring-context-3.2.xsd, http://www.springframework.org/schema/util/spring-util-3.1.xsd=org/springframework/beans/factory/xml/spring-util-3.1.xsd, http://www.springframework.org/schema/beans/spring-beans-2.0.xsd=org/springframework/beans/factory/xml/spring-beans-2.0.xsd, http://www.springframework.org/schema/cache/spring-cache.xsd=org/springframework/cache/config/spring-cache-4.1.xsd, http://www.springframework.org/schema/tx/spring-tx.xsd=org/springframework/transaction/config/spring-tx-4.1.xsd, http://www.springframework.org/schema/context/spring-context-4.1.xsd=org/springframework/context/config/spring-context-4.1.xsd, http://www.springframework.org/schema/beans/spring-beans-2.5.xsd=org/springframework/beans/factory/xml/spring-beans-2.5.xsd, http://www.springframework.org/schema/tx/spring-tx-2.0.xsd=org/springframework/transaction/config/spring-tx-2.0.xsd, http://www.springframework.org/schema/jdbc/spring-jdbc-3.2.xsd=org/springframework/jdbc/config/spring-jdbc-3.2.xsd, http://www.springframework.org/schema/aop/spring-aop.xsd=org/springframework/aop/config/spring-aop-4.1.xsd}
[DEBUG] 2017-05-22 02:54:34,609 method:org.springframework.beans.factory.xml.PluggableSchemaResolver.resolveEntity(PluggableSchemaResolver.java:119)
Found XML schema [http://www.springframework.org/schema/beans/spring-beans-4.0.xsd] in classpath: org/springframework/beans/factory/xml/spring-beans-4.0.xsd
[DEBUG] 2017-05-22 02:54:34,637 method:org.springframework.beans.factory.xml.PluggableSchemaResolver.resolveEntity(PluggableSchemaResolver.java:119)
Found XML schema [http://www.springframework.org/schema/context/spring-context-4.0.xsd] in classpath: org/springframework/context/config/spring-context-4.0.xsd
[DEBUG] 2017-05-22 02:54:34,639 method:org.springframework.beans.factory.xml.PluggableSchemaResolver.resolveEntity(PluggableSchemaResolver.java:119)
Found XML schema [http://www.springframework.org/schema/tool/spring-tool-4.0.xsd] in classpath: org/springframework/beans/factory/xml/spring-tool-4.0.xsd
[DEBUG] 2017-05-22 02:54:34,642 method:org.springframework.beans.factory.xml.PluggableSchemaResolver.resolveEntity(PluggableSchemaResolver.java:119)
Found XML schema [http://www.springframework.org/schema/tx/spring-tx-4.0.xsd] in classpath: org/springframework/transaction/config/spring-tx-4.0.xsd
[DEBUG] 2017-05-22 02:54:34,646 method:org.springframework.beans.factory.xml.PluggableSchemaResolver.resolveEntity(PluggableSchemaResolver.java:119)
Found XML schema [http://www.springframework.org/schema/aop/spring-aop-4.0.xsd] in classpath: org/springframework/aop/config/spring-aop-4.0.xsd
[DEBUG] 2017-05-22 02:54:34,648 method:org.springframework.beans.factory.xml.DefaultBeanDefinitionDocumentReader.registerBeanDefinitions(DefaultBeanDefinitionDocumentReader.java:98)
Loading bean definitions
[DEBUG] 2017-05-22 02:54:34,654 method:org.springframework.beans.factory.xml.DefaultNamespaceHandlerResolver.getHandlerMappings(DefaultNamespaceHandlerResolver.java:157)
Loaded NamespaceHandler mappings: {http://www.springframework.org/schema/p=org.springframework.beans.factory.xml.SimplePropertyNamespaceHandler, http://www.springframework.org/schema/mvc=org.springframework.web.servlet.config.MvcNamespaceHandler, http://www.springframework.org/schema/util=org.springframework.beans.factory.xml.UtilNamespaceHandler, http://www.springframework.org/schema/jee=org.springframework.ejb.config.JeeNamespaceHandler, http://www.springframework.org/schema/aop=org.springframework.aop.config.AopNamespaceHandler, http://www.springframework.org/schema/jdbc=org.springframework.jdbc.config.JdbcNamespaceHandler, http://www.springframework.org/schema/cache=org.springframework.cache.config.CacheNamespaceHandler, http://mybatis.org/schema/mybatis-spring=org.mybatis.spring.config.NamespaceHandler, http://www.springframework.org/schema/c=org.springframework.beans.factory.xml.SimpleConstructorNamespaceHandler, http://www.springframework.org/schema/tx=org.springframework.transaction.config.TxNamespaceHandler, http://www.springframework.org/schema/task=org.springframework.scheduling.config.TaskNamespaceHandler, http://www.springframework.org/schema/lang=org.springframework.scripting.config.LangNamespaceHandler, http://www.springframework.org/schema/context=org.springframework.context.config.ContextNamespaceHandler}
[DEBUG] 2017-05-22 02:54:34,656 method:org.springframework.core.io.support.PathMatchingResourcePatternResolver.doFindMatchingFileSystemResources(PathMatchingResourcePatternResolver.java:631)
Looking for matching resources in directory tree [D:\MyWork\workspace\LvcBlog\target\test-classes\party\pjc\blog\service]
[DEBUG] 2017-05-22 02:54:34,656 method:org.springframework.core.io.support.PathMatchingResourcePatternResolver.doRetrieveMatchingFiles(PathMatchingResourcePatternResolver.java:693)
Searching directory [D:\MyWork\workspace\LvcBlog\target\test-classes\party\pjc\blog\service] for files matching pattern [D:/MyWork/workspace/LvcBlog/target/test-classes/party/pjc/blog/service/**/*.class]
[DEBUG] 2017-05-22 02:54:34,657 method:org.springframework.core.io.support.PathMatchingResourcePatternResolver.doRetrieveMatchingFiles(PathMatchingResourcePatternResolver.java:693)
Searching directory [D:\MyWork\workspace\LvcBlog\target\test-classes\party\pjc\blog\service\impl] for files matching pattern [D:/MyWork/workspace/LvcBlog/target/test-classes/party/pjc/blog/service/**/*.class]
[DEBUG] 2017-05-22 02:54:34,658 method:org.springframework.core.io.support.PathMatchingResourcePatternResolver.doFindMatchingFileSystemResources(PathMatchingResourcePatternResolver.java:631)
Looking for matching resources in directory tree [D:\MyWork\workspace\LvcBlog\target\classes\party\pjc\blog\service]
[DEBUG] 2017-05-22 02:54:34,658 method:org.springframework.core.io.support.PathMatchingResourcePatternResolver.doRetrieveMatchingFiles(PathMatchingResourcePatternResolver.java:693)
Searching directory [D:\MyWork\workspace\LvcBlog\target\classes\party\pjc\blog\service] for files matching pattern [D:/MyWork/workspace/LvcBlog/target/classes/party/pjc/blog/service/**/*.class]
[DEBUG] 2017-05-22 02:54:34,659 method:org.springframework.core.io.support.PathMatchingResourcePatternResolver.doRetrieveMatchingFiles(PathMatchingResourcePatternResolver.java:693)
Searching directory [D:\MyWork\workspace\LvcBlog\target\classes\party\pjc\blog\service\impl] for files matching pattern [D:/MyWork/workspace/LvcBlog/target/classes/party/pjc/blog/service/**/*.class]
[DEBUG] 2017-05-22 02:54:34,660 method:org.springframework.core.io.support.PathMatchingResourcePatternResolver.findPathMatchingResources(PathMatchingResourcePatternResolver.java:424)
Resolved location pattern [classpath*:party/pjc/blog/service/**/*.class] to resources [file [D:\MyWork\workspace\LvcBlog\target\test-classes\party\pjc\blog\service\impl\CategoriseServiceImplTest.class], file [D:\MyWork\workspace\LvcBlog\target\test-classes\party\pjc\blog\service\impl\CommentServiceImplTest.class], file [D:\MyWork\workspace\LvcBlog\target\test-classes\party\pjc\blog\service\impl\LinkServiceImplTest.class], file [D:\MyWork\workspace\LvcBlog\target\test-classes\party\pjc\blog\service\impl\PostServiceTest.class], file [D:\MyWork\workspace\LvcBlog\target\test-classes\party\pjc\blog\service\impl\TagServiceImplTest.class], file [D:\MyWork\workspace\LvcBlog\target\test-classes\party\pjc\blog\service\impl\UserServiceImplTest.class], file [D:\MyWork\workspace\LvcBlog\target\classes\party\pjc\blog\service\CategoriesService.class], file [D:\MyWork\workspace\LvcBlog\target\classes\party\pjc\blog\service\CommentService.class], file [D:\MyWork\workspace\LvcBlog\target\classes\party\pjc\blog\service\impl\CategoriesServiceImpl.class], file [D:\MyWork\workspace\LvcBlog\target\classes\party\pjc\blog\service\impl\CommentServiceImpl.class], file [D:\MyWork\workspace\LvcBlog\target\classes\party\pjc\blog\service\impl\LinkServiceImpl.class], file [D:\MyWork\workspace\LvcBlog\target\classes\party\pjc\blog\service\impl\PostServiceImpl.class], file [D:\MyWork\workspace\LvcBlog\target\classes\party\pjc\blog\service\impl\TagsServiceImpl.class], file [D:\MyWork\workspace\LvcBlog\target\classes\party\pjc\blog\service\impl\UserServiceImpl.class], file [D:\MyWork\workspace\LvcBlog\target\classes\party\pjc\blog\service\LinkService.class], file [D:\MyWork\workspace\LvcBlog\target\classes\party\pjc\blog\service\PostService.class], file [D:\MyWork\workspace\LvcBlog\target\classes\party\pjc\blog\service\TagsService.class], file [D:\MyWork\workspace\LvcBlog\target\classes\party\pjc\blog\service\UserService.class]]
[DEBUG] 2017-05-22 02:54:34,662 method:org.springframework.context.annotation.ClassPathScanningCandidateComponentProvider.findCandidateComponents(ClassPathScanningCandidateComponentProvider.java:286)
Identified candidate component class: file [D:\MyWork\workspace\LvcBlog\target\classes\party\pjc\blog\service\impl\CategoriesServiceImpl.class]
[DEBUG] 2017-05-22 02:54:34,663 method:org.springframework.context.annotation.ClassPathScanningCandidateComponentProvider.findCandidateComponents(ClassPathScanningCandidateComponentProvider.java:286)
Identified candidate component class: file [D:\MyWork\workspace\LvcBlog\target\classes\party\pjc\blog\service\impl\CommentServiceImpl.class]
[DEBUG] 2017-05-22 02:54:34,663 method:org.springframework.context.annotation.ClassPathScanningCandidateComponentProvider.findCandidateComponents(ClassPathScanningCandidateComponentProvider.java:286)
Identified candidate component class: file [D:\MyWork\workspace\LvcBlog\target\classes\party\pjc\blog\service\impl\LinkServiceImpl.class]
[DEBUG] 2017-05-22 02:54:34,663 method:org.springframework.context.annotation.ClassPathScanningCandidateComponentProvider.findCandidateComponents(ClassPathScanningCandidateComponentProvider.java:286)
Identified candidate component class: file [D:\MyWork\workspace\LvcBlog\target\classes\party\pjc\blog\service\impl\PostServiceImpl.class]
[DEBUG] 2017-05-22 02:54:34,664 method:org.springframework.context.annotation.ClassPathScanningCandidateComponentProvider.findCandidateComponents(ClassPathScanningCandidateComponentProvider.java:286)
Identified candidate component class: file [D:\MyWork\workspace\LvcBlog\target\classes\party\pjc\blog\service\impl\TagsServiceImpl.class]
[DEBUG] 2017-05-22 02:54:34,664 method:org.springframework.context.annotation.ClassPathScanningCandidateComponentProvider.findCandidateComponents(ClassPathScanningCandidateComponentProvider.java:286)
Identified candidate component class: file [D:\MyWork\workspace\LvcBlog\target\classes\party\pjc\blog\service\impl\UserServiceImpl.class]
[DEBUG] 2017-05-22 02:54:34,667 method:org.springframework.beans.factory.xml.BeanDefinitionParserDelegate.parseBeanDefinitionElement(BeanDefinitionParserDelegate.java:495)
Neither XML &apos;id&apos; nor &apos;name&apos; specified - using generated bean name [org.mybatis.spring.mapper.MapperScannerConfigurer#0]
[DEBUG] 2017-05-22 02:54:34,668 method:org.springframework.beans.factory.xml.BeanDefinitionParserDelegate.parseBeanDefinitionElement(BeanDefinitionParserDelegate.java:495)
Neither XML &apos;id&apos; nor &apos;name&apos; specified - using generated bean name [org.springframework.aop.framework.autoproxy.DefaultAdvisorAutoProxyCreator#0]
[DEBUG] 2017-05-22 02:54:34,668 method:org.springframework.beans.factory.xml.BeanDefinitionParserDelegate.parseBeanDefinitionElement(BeanDefinitionParserDelegate.java:495)
Neither XML &apos;id&apos; nor &apos;name&apos; specified - using generated bean name [org.apache.shiro.spring.security.interceptor.AuthorizationAttributeSourceAdvisor#0]
[DEBUG] 2017-05-22 02:54:34,669 method:org.springframework.beans.factory.support.AbstractBeanDefinitionReader.loadBeanDefinitions(AbstractBeanDefinitionReader.java:224)
Loaded 25 bean definitions from location pattern [classpath:applicationContext.xml]
[INFO ] 2017-05-22 02:54:34,670 method:org.springframework.beans.factory.xml.XmlBeanDefinitionReader.loadBeanDefinitions(XmlBeanDefinitionReader.java:317)
Loading XML bean definitions from class path resource [spring-mvc.xml]
[DEBUG] 2017-05-22 02:54:34,671 method:org.springframework.beans.factory.xml.DefaultDocumentLoader.loadDocument(DefaultDocumentLoader.java:73)
Using JAXP provider [com.sun.org.apache.xerces.internal.jaxp.DocumentBuilderFactoryImpl]
[DEBUG] 2017-05-22 02:54:34,673 method:org.springframework.beans.factory.xml.PluggableSchemaResolver.resolveEntity(PluggableSchemaResolver.java:119)
Found XML schema [http://www.springframework.org/schema/beans/spring-beans-4.0.xsd] in classpath: org/springframework/beans/factory/xml/spring-beans-4.0.xsd
[DEBUG] 2017-05-22 02:54:34,682 method:org.springframework.beans.factory.xml.PluggableSchemaResolver.resolveEntity(PluggableSchemaResolver.java:119)
Found XML schema [http://www.springframework.org/schema/context/spring-context-4.0.xsd] in classpath: org/springframework/context/config/spring-context-4.0.xsd
[DEBUG] 2017-05-22 02:54:34,690 method:org.springframework.beans.factory.xml.PluggableSchemaResolver.resolveEntity(PluggableSchemaResolver.java:119)
Found XML schema [http://www.springframework.org/schema/tool/spring-tool-4.0.xsd] in classpath: org/springframework/beans/factory/xml/spring-tool-4.0.xsd
[DEBUG] 2017-05-22 02:54:34,699 method:org.springframework.beans.factory.xml.PluggableSchemaResolver.resolveEntity(PluggableSchemaResolver.java:119)
Found XML schema [http://www.springframework.org/schema/mvc/spring-mvc-4.0.xsd] in classpath: org/springframework/web/servlet/config/spring-mvc-4.0.xsd
[DEBUG] 2017-05-22 02:54:34,705 method:org.springframework.beans.factory.xml.DefaultBeanDefinitionDocumentReader.registerBeanDefinitions(DefaultBeanDefinitionDocumentReader.java:98)
Loading bean definitions
[DEBUG] 2017-05-22 02:54:34,706 method:org.springframework.core.io.support.PathMatchingResourcePatternResolver.doFindMatchingFileSystemResources(PathMatchingResourcePatternResolver.java:631)
Looking for matching resources in directory tree [D:\MyWork\workspace\LvcBlog\target\classes\party\pjc\blog\controller]
[DEBUG] 2017-05-22 02:54:34,707 method:org.springframework.core.io.support.PathMatchingResourcePatternResolver.doRetrieveMatchingFiles(PathMatchingResourcePatternResolver.java:693)
Searching directory [D:\MyWork\workspace\LvcBlog\target\classes\party\pjc\blog\controller] for files matching pattern [D:/MyWork/workspace/LvcBlog/target/classes/party/pjc/blog/controller/**/*.class]
[DEBUG] 2017-05-22 02:54:34,707 method:org.springframework.core.io.support.PathMatchingResourcePatternResolver.doRetrieveMatchingFiles(PathMatchingResourcePatternResolver.java:693)
Searching directory [D:\MyWork\workspace\LvcBlog\target\classes\party\pjc\blog\controller\admin] for files matching pattern [D:/MyWork/workspace/LvcBlog/target/classes/party/pjc/blog/controller/**/*.class]
[DEBUG] 2017-05-22 02:54:34,708 method:org.springframework.core.io.support.PathMatchingResourcePatternResolver.findPathMatchingResources(PathMatchingResourcePatternResolver.java:424)
Resolved location pattern [classpath*:party/pjc/blog/controller/**/*.class] to resources [file [D:\MyWork\workspace\LvcBlog\target\classes\party\pjc\blog\controller\admin\PostAdminController.class], file [D:\MyWork\workspace\LvcBlog\target\classes\party\pjc\blog\controller\admin\SystemAdminController.class], file [D:\MyWork\workspace\LvcBlog\target\classes\party\pjc\blog\controller\AdminController.class], file [D:\MyWork\workspace\LvcBlog\target\classes\party\pjc\blog\controller\ArchiveController.class], file [D:\MyWork\workspace\LvcBlog\target\classes\party\pjc\blog\controller\CategoriesController$1.class], file [D:\MyWork\workspace\LvcBlog\target\classes\party\pjc\blog\controller\CategoriesController.class], file [D:\MyWork\workspace\LvcBlog\target\classes\party\pjc\blog\controller\CommenController.class], file [D:\MyWork\workspace\LvcBlog\target\classes\party\pjc\blog\controller\CommentController.class], file [D:\MyWork\workspace\LvcBlog\target\classes\party\pjc\blog\controller\LinkController.class], file [D:\MyWork\workspace\LvcBlog\target\classes\party\pjc\blog\controller\PostController.class], file [D:\MyWork\workspace\LvcBlog\target\classes\party\pjc\blog\controller\TagsController$1.class], file [D:\MyWork\workspace\LvcBlog\target\classes\party\pjc\blog\controller\TagsController$2.class], file [D:\MyWork\workspace\LvcBlog\target\classes\party\pjc\blog\controller\TagsController.class], file [D:\MyWork\workspace\LvcBlog\target\classes\party\pjc\blog\controller\UploadController.class]]
[DEBUG] 2017-05-22 02:54:34,709 method:org.springframework.context.annotation.ClassPathScanningCandidateComponentProvider.findCandidateComponents(ClassPathScanningCandidateComponentProvider.java:286)
Identified candidate component class: file [D:\MyWork\workspace\LvcBlog\target\classes\party\pjc\blog\controller\admin\PostAdminController.class]
[DEBUG] 2017-05-22 02:54:34,710 method:org.springframework.context.annotation.ClassPathScanningCandidateComponentProvider.findCandidateComponents(ClassPathScanningCandidateComponentProvider.java:286)
Identified candidate component class: file [D:\MyWork\workspace\LvcBlog\target\classes\party\pjc\blog\controller\admin\SystemAdminController.class]
[DEBUG] 2017-05-22 02:54:34,711 method:org.springframework.context.annotation.ClassPathScanningCandidateComponentProvider.findCandidateComponents(ClassPathScanningCandidateComponentProvider.java:286)
Identified candidate component class: file [D:\MyWork\workspace\LvcBlog\target\classes\party\pjc\blog\controller\AdminController.class]
[DEBUG] 2017-05-22 02:54:34,711 method:org.springframework.context.annotation.ClassPathScanningCandidateComponentProvider.findCandidateComponents(ClassPathScanningCandidateComponentProvider.java:286)
Identified candidate component class: file [D:\MyWork\workspace\LvcBlog\target\classes\party\pjc\blog\controller\ArchiveController.class]
[DEBUG] 2017-05-22 02:54:34,713 method:org.springframework.context.annotation.ClassPathScanningCandidateComponentProvider.findCandidateComponents(ClassPathScanningCandidateComponentProvider.java:286)
Identified candidate component class: file [D:\MyWork\workspace\LvcBlog\target\classes\party\pjc\blog\controller\CategoriesController.class]
[DEBUG] 2017-05-22 02:54:34,714 method:org.springframework.context.annotation.ClassPathScanningCandidateComponentProvider.findCandidateComponents(ClassPathScanningCandidateComponentProvider.java:286)
Identified candidate component class: file [D:\MyWork\workspace\LvcBlog\target\classes\party\pjc\blog\controller\CommenController.class]
[DEBUG] 2017-05-22 02:54:34,714 method:org.springframework.context.annotation.ClassPathScanningCandidateComponentProvider.findCandidateComponents(ClassPathScanningCandidateComponentProvider.java:286)
Identified candidate component class: file [D:\MyWork\workspace\LvcBlog\target\classes\party\pjc\blog\controller\CommentController.class]
[DEBUG] 2017-05-22 02:54:34,715 method:org.springframework.context.annotation.ClassPathScanningCandidateComponentProvider.findCandidateComponents(ClassPathScanningCandidateComponentProvider.java:286)
Identified candidate component class: file [D:\MyWork\workspace\LvcBlog\target\classes\party\pjc\blog\controller\LinkController.class]
[DEBUG] 2017-05-22 02:54:34,717 method:org.springframework.context.annotation.ClassPathScanningCandidateComponentProvider.findCandidateComponents(ClassPathScanningCandidateComponentProvider.java:286)
Identified candidate component class: file [D:\MyWork\workspace\LvcBlog\target\classes\party\pjc\blog\controller\PostController.class]
[DEBUG] 2017-05-22 02:54:34,719 method:org.springframework.context.annotation.ClassPathScanningCandidateComponentProvider.findCandidateComponents(ClassPathScanningCandidateComponentProvider.java:286)
Identified candidate component class: file [D:\MyWork\workspace\LvcBlog\target\classes\party\pjc\blog\controller\TagsController.class]
[DEBUG] 2017-05-22 02:54:34,719 method:org.springframework.context.annotation.ClassPathScanningCandidateComponentProvider.findCandidateComponents(ClassPathScanningCandidateComponentProvider.java:286)
Identified candidate component class: file [D:\MyWork\workspace\LvcBlog\target\classes\party\pjc\blog\controller\UploadController.class]
[DEBUG] 2017-05-22 02:54:34,720 method:org.springframework.beans.factory.xml.BeanDefinitionParserDelegate.parseBeanDefinitionElement(BeanDefinitionParserDelegate.java:495)
Neither XML &apos;id&apos; nor &apos;name&apos; specified - using generated bean name [org.springframework.web.servlet.mvc.annotation.AnnotationMethodHandlerAdapter#0]
[DEBUG] 2017-05-22 02:54:34,723 method:org.springframework.beans.factory.support.AbstractBeanDefinitionReader.loadBeanDefinitions(AbstractBeanDefinitionReader.java:224)
Loaded 29 bean definitions from location pattern [classpath:spring-mvc.xml]
[INFO ] 2017-05-22 02:54:34,724 method:org.springframework.beans.factory.xml.XmlBeanDefinitionReader.loadBeanDefinitions(XmlBeanDefinitionReader.java:317)
Loading XML bean definitions from class path resource [spring-redis.xml]
[DEBUG] 2017-05-22 02:54:34,725 method:org.springframework.beans.factory.xml.DefaultDocumentLoader.loadDocument(DefaultDocumentLoader.java:73)
Using JAXP provider [com.sun.org.apache.xerces.internal.jaxp.DocumentBuilderFactoryImpl]
[DEBUG] 2017-05-22 02:54:34,726 method:org.springframework.beans.factory.xml.PluggableSchemaResolver.resolveEntity(PluggableSchemaResolver.java:119)
Found XML schema [http://www.springframework.org/schema/beans/spring-beans-4.0.xsd] in classpath: org/springframework/beans/factory/xml/spring-beans-4.0.xsd
[DEBUG] 2017-05-22 02:54:34,730 method:org.springframework.beans.factory.xml.PluggableSchemaResolver.resolveEntity(PluggableSchemaResolver.java:119)
Found XML schema [http://www.springframework.org/schema/context/spring-context-4.0.xsd] in classpath: org/springframework/context/config/spring-context-4.0.xsd
[DEBUG] 2017-05-22 02:54:34,736 method:org.springframework.beans.factory.xml.PluggableSchemaResolver.resolveEntity(PluggableSchemaResolver.java:119)
Found XML schema [http://www.springframework.org/schema/tool/spring-tool-4.0.xsd] in classpath: org/springframework/beans/factory/xml/spring-tool-4.0.xsd
[DEBUG] 2017-05-22 02:54:34,739 method:org.springframework.beans.factory.xml.DefaultBeanDefinitionDocumentReader.registerBeanDefinitions(DefaultBeanDefinitionDocumentReader.java:98)
Loading bean definitions
[DEBUG] 2017-05-22 02:54:34,742 method:org.springframework.core.io.support.PathMatchingResourcePatternResolver.doFindMatchingFileSystemResources(PathMatchingResourcePatternResolver.java:631)
Looking for matching resources in directory tree [D:\MyWork\workspace\LvcBlog\target\classes\party\pjc\blog\rediscache]
[DEBUG] 2017-05-22 02:54:34,742 method:org.springframework.core.io.support.PathMatchingResourcePatternResolver.doRetrieveMatchingFiles(PathMatchingResourcePatternResolver.java:693)
Searching directory [D:\MyWork\workspace\LvcBlog\target\classes\party\pjc\blog\rediscache] for files matching pattern [D:/MyWork/workspace/LvcBlog/target/classes/party/pjc/blog/rediscache/**/*.class]
[DEBUG] 2017-05-22 02:54:34,743 method:org.springframework.core.io.support.PathMatchingResourcePatternResolver.findPathMatchingResources(PathMatchingResourcePatternResolver.java:424)
Resolved location pattern [classpath*:party/pjc/blog/rediscache/**/*.class] to resources [file [D:\MyWork\workspace\LvcBlog\target\classes\party\pjc\blog\rediscache\JedisClientClusterServcie.class], file [D:\MyWork\workspace\LvcBlog\target\classes\party\pjc\blog\rediscache\JedisClientSingleService.class], file [D:\MyWork\workspace\LvcBlog\target\classes\party\pjc\blog\rediscache\RedisClient.class]]
[DEBUG] 2017-05-22 02:54:34,744 method:org.springframework.context.annotation.ClassPathScanningCandidateComponentProvider.findCandidateComponents(ClassPathScanningCandidateComponentProvider.java:286)
Identified candidate component class: file [D:\MyWork\workspace\LvcBlog\target\classes\party\pjc\blog\rediscache\JedisClientSingleService.class]
[DEBUG] 2017-05-22 02:54:34,745 method:org.springframework.beans.factory.support.AbstractBeanDefinitionReader.loadBeanDefinitions(AbstractBeanDefinitionReader.java:224)
Loaded 3 bean definitions from location pattern [classpath:spring-redis.xml]
[INFO ] 2017-05-22 02:54:34,745 method:org.springframework.context.support.AbstractApplicationContext.prepareRefresh(AbstractApplicationContext.java:510)
Refreshing org.springframework.context.support.GenericApplicationContext@3f2ef586: startup date [Mon May 22 02:54:34 CST 2017]; root of context hierarchy
[DEBUG] 2017-05-22 02:54:34,745 method:org.springframework.context.support.AbstractApplicationContext.obtainFreshBeanFactory(AbstractApplicationContext.java:540)
Bean factory for org.springframework.context.support.GenericApplicationContext@3f2ef586: org.springframework.beans.factory.support.DefaultListableBeanFactory@2f162cc0: defining beans [categoriesService,commentServiceImpl,linkServiceImpl,postService,tagsService,userServiceImpl,org.springframework.context.annotation.internalConfigurationAnnotationProcessor,org.springframework.context.annotation.internalAutowiredAnnotationProcessor,org.springframework.context.annotation.internalRequiredAnnotationProcessor,org.springframework.context.annotation.internalCommonAnnotationProcessor,dataSource,sqlSessionFactory,org.mybatis.spring.mapper.MapperScannerConfigurer#0,transactionManager,myRealm,securityManager,shiroFilter,lifecycleBeanPostProcessor,org.springframework.aop.framework.autoproxy.DefaultAdvisorAutoProxyCreator#0,org.apache.shiro.spring.security.interceptor.AuthorizationAttributeSourceAdvisor#0,txAdvice,org.springframework.aop.config.internalAutoProxyCreator,serviceOperation,org.springframework.aop.support.DefaultBeanFactoryPointcutAdvisor#0,multipartResolver,postAdminController,systemAdminController,adminController,archiveController,categoriesController,commenController,commentController,linkController,postController,tagsController,uploadController,org.springframework.web.servlet.mvc.annotation.AnnotationMethodHandlerAdapter#0,org.springframework.web.servlet.resource.DefaultServletHttpRequestHandler#0,org.springframework.web.servlet.handler.SimpleUrlHandlerMapping#0,org.springframework.web.servlet.handler.BeanNameUrlHandlerMapping,org.springframework.web.servlet.mvc.HttpRequestHandlerAdapter,org.springframework.web.servlet.mvc.SimpleControllerHandlerAdapter,mvcContentNegotiationManager,org.springframework.web.servlet.mvc.method.annotation.RequestMappingHandlerMapping#0,org.springframework.format.support.FormattingConversionServiceFactoryBean#0,org.springframework.web.servlet.mvc.method.annotation.RequestMappingHandlerAdapter#0,mvcUriComponentsContributor,org.springframework.web.servlet.handler.MappedInterceptor#0,org.springframework.web.servlet.mvc.method.annotation.ExceptionHandlerExceptionResolver#0,org.springframework.web.servlet.mvc.annotation.ResponseStatusExceptionResolver#0,org.springframework.web.servlet.mvc.support.DefaultHandlerExceptionResolver#0,org.springframework.web.servlet.resource.DefaultServletHttpRequestHandler#1,org.springframework.web.servlet.handler.SimpleUrlHandlerMapping#1,viewResolver,jedisPoolConfig,redisClient,jedisClientSingleService]; root of factory hierarchy
[DEBUG] 2017-05-22 02:54:34,747 method:org.springframework.beans.factory.support.DefaultSingletonBeanRegistry.getSingleton(DefaultSingletonBeanRegistry.java:221)
Creating shared instance of singleton bean &apos;org.springframework.context.annotation.internalConfigurationAnnotationProcessor&apos;
[DEBUG] 2017-05-22 02:54:34,747 method:org.springframework.beans.factory.support.AbstractAutowireCapableBeanFactory.createBean(AbstractAutowireCapableBeanFactory.java:450)
Creating instance of bean &apos;org.springframework.context.annotation.internalConfigurationAnnotationProcessor&apos;
[DEBUG] 2017-05-22 02:54:34,748 method:org.springframework.beans.factory.support.AbstractAutowireCapableBeanFactory.doCreateBean(AbstractAutowireCapableBeanFactory.java:523)
Eagerly caching bean &apos;org.springframework.context.annotation.internalConfigurationAnnotationProcessor&apos; to allow for resolving potential circular references
[DEBUG] 2017-05-22 02:54:34,748 method:org.springframework.beans.factory.support.AbstractAutowireCapableBeanFactory.createBean(AbstractAutowireCapableBeanFactory.java:478)
Finished creating instance of bean &apos;org.springframework.context.annotation.internalConfigurationAnnotationProcessor&apos;
[DEBUG] 2017-05-22 02:54:34,763 method:org.springframework.context.annotation.ConfigurationClassUtils.isLiteConfigurationCandidate(ConfigurationClassUtils.java:166)
Failed to introspect @Bean methods on class [class org.springframework.core.type.StandardAnnotationMetadata]: java.lang.NoClassDefFoundError: javax/servlet/ServletResponse
[DEBUG] 2017-05-22 02:54:34,763 method:org.springframework.context.annotation.ConfigurationClassUtils.isLiteConfigurationCandidate(ConfigurationClassUtils.java:166)
Failed to introspect @Bean methods on class [class org.springframework.core.type.StandardAnnotationMetadata]: java.lang.NoClassDefFoundError: javax/servlet/http/HttpServletRequest
[DEBUG] 2017-05-22 02:54:34,764 method:org.springframework.context.annotation.ConfigurationClassUtils.isLiteConfigurationCandidate(ConfigurationClassUtils.java:166)
Failed to introspect @Bean methods on class [class org.springframework.core.type.StandardAnnotationMetadata]: java.lang.NoClassDefFoundError: javax/servlet/http/HttpServletRequest
[DEBUG] 2017-05-22 02:54:34,765 method:org.springframework.context.annotation.ConfigurationClassUtils.isLiteConfigurationCandidate(ConfigurationClassUtils.java:166)
Failed to introspect @Bean methods on class [class org.springframework.core.type.StandardAnnotationMetadata]: java.lang.NoClassDefFoundError: javax/servlet/ServletContext
[DEBUG] 2017-05-22 02:54:34,768 method:org.springframework.context.annotation.ConfigurationClassUtils.isLiteConfigurationCandidate(ConfigurationClassUtils.java:166)
Failed to introspect @Bean methods on class [class org.springframework.core.type.StandardAnnotationMetadata]: java.lang.NoClassDefFoundError: javax/servlet/ServletException
[DEBUG] 2017-05-22 02:54:34,769 method:org.springframework.context.annotation.ConfigurationClassUtils.isLiteConfigurationCandidate(ConfigurationClassUtils.java:166)
Failed to introspect @Bean methods on class [class org.springframework.core.type.StandardAnnotationMetadata]: java.lang.NoClassDefFoundError: javax/servlet/ServletException
[DEBUG] 2017-05-22 02:54:34,787 method:org.springframework.context.annotation.ConfigurationClassUtils.isLiteConfigurationCandidate(ConfigurationClassUtils.java:166)
Failed to introspect @Bean methods on class [class org.springframework.core.type.StandardAnnotationMetadata]: java.lang.NoClassDefFoundError: javax/servlet/http/HttpServletRequest
[DEBUG] 2017-05-22 02:54:34,788 method:org.springframework.context.annotation.ConfigurationClassUtils.isLiteConfigurationCandidate(ConfigurationClassUtils.java:166)
Failed to introspect @Bean methods on class [class org.springframework.core.type.StandardAnnotationMetadata]: java.lang.NoClassDefFoundError: javax/servlet/http/HttpServletRequest
[DEBUG] 2017-05-22 02:54:34,788 method:org.springframework.context.annotation.ConfigurationClassUtils.isLiteConfigurationCandidate(ConfigurationClassUtils.java:166)
Failed to introspect @Bean methods on class [class org.springframework.core.type.StandardAnnotationMetadata]: java.lang.NoClassDefFoundError: javax/servlet/http/HttpServletRequest
[DEBUG] 2017-05-22 02:54:34,789 method:org.springframework.context.annotation.ConfigurationClassUtils.isLiteConfigurationCandidate(ConfigurationClassUtils.java:166)
Failed to introspect @Bean methods on class [class org.springframework.core.type.StandardAnnotationMetadata]: java.lang.NoClassDefFoundError: javax/servlet/ServletResponse
[DEBUG] 2017-05-22 02:54:34,818 method:org.springframework.beans.factory.support.DefaultSingletonBeanRegistry.getSingleton(DefaultSingletonBeanRegistry.java:221)
Creating shared instance of singleton bean &apos;org.mybatis.spring.mapper.MapperScannerConfigurer#0&apos;
[DEBUG] 2017-05-22 02:54:34,819 method:org.springframework.beans.factory.support.AbstractAutowireCapableBeanFactory.createBean(AbstractAutowireCapableBeanFactory.java:450)
Creating instance of bean &apos;org.mybatis.spring.mapper.MapperScannerConfigurer#0&apos;
[DEBUG] 2017-05-22 02:54:34,819 method:org.springframework.beans.factory.support.AbstractAutowireCapableBeanFactory.doCreateBean(AbstractAutowireCapableBeanFactory.java:523)
Eagerly caching bean &apos;org.mybatis.spring.mapper.MapperScannerConfigurer#0&apos; to allow for resolving potential circular references
[DEBUG] 2017-05-22 02:54:34,820 method:org.springframework.beans.factory.support.AbstractAutowireCapableBeanFactory.invokeInitMethods(AbstractAutowireCapableBeanFactory.java:1616)
Invoking afterPropertiesSet() on bean with name &apos;org.mybatis.spring.mapper.MapperScannerConfigurer#0&apos;
[DEBUG] 2017-05-22 02:54:34,820 method:org.springframework.beans.factory.support.AbstractAutowireCapableBeanFactory.createBean(AbstractAutowireCapableBeanFactory.java:478)
Finished creating instance of bean &apos;org.mybatis.spring.mapper.MapperScannerConfigurer#0&apos;
[DEBUG] 2017-05-22 02:54:34,821 method:org.springframework.core.env.MutablePropertySources.addLast(MutablePropertySources.java:109)
Adding [systemProperties] PropertySource with lowest search precedence
[DEBUG] 2017-05-22 02:54:34,821 method:org.springframework.core.env.MutablePropertySources.addLast(MutablePropertySources.java:109)
Adding [systemEnvironment] PropertySource with lowest search precedence
[DEBUG] 2017-05-22 02:54:34,822 method:org.springframework.core.env.AbstractEnvironment.&lt;init&gt;(AbstractEnvironment.java:126)
Initialized StandardEnvironment with PropertySources [systemProperties,systemEnvironment]
[DEBUG] 2017-05-22 02:54:34,823 method:org.springframework.core.io.support.PathMatchingResourcePatternResolver.doFindMatchingFileSystemResources(PathMatchingResourcePatternResolver.java:631)
Looking for matching resources in directory tree [D:\MyWork\workspace\LvcBlog\target\test-classes\party\pjc\blog\dao]
[DEBUG] 2017-05-22 02:54:34,823 method:org.springframework.core.io.support.PathMatchingResourcePatternResolver.doRetrieveMatchingFiles(PathMatchingResourcePatternResolver.java:693)
Searching directory [D:\MyWork\workspace\LvcBlog\target\test-classes\party\pjc\blog\dao] for files matching pattern [D:/MyWork/workspace/LvcBlog/target/test-classes/party/pjc/blog/dao/**/*.class]
[DEBUG] 2017-05-22 02:54:34,825 method:org.springframework.core.io.support.PathMatchingResourcePatternResolver.doFindMatchingFileSystemResources(PathMatchingResourcePatternResolver.java:631)
Looking for matching resources in directory tree [D:\MyWork\workspace\LvcBlog\target\classes\party\pjc\blog\dao]
[DEBUG] 2017-05-22 02:54:34,825 method:org.springframework.core.io.support.PathMatchingResourcePatternResolver.doRetrieveMatchingFiles(PathMatchingResourcePatternResolver.java:693)
Searching directory [D:\MyWork\workspace\LvcBlog\target\classes\party\pjc\blog\dao] for files matching pattern [D:/MyWork/workspace/LvcBlog/target/classes/party/pjc/blog/dao/**/*.class]
[DEBUG] 2017-05-22 02:54:34,826 method:org.springframework.core.io.support.PathMatchingResourcePatternResolver.findPathMatchingResources(PathMatchingResourcePatternResolver.java:424)
Resolved location pattern [classpath*:party/pjc/blog/dao/**/*.class] to resources [file [D:\MyWork\workspace\LvcBlog\target\classes\party\pjc\blog\dao\CategoriesDao.class], file [D:\MyWork\workspace\LvcBlog\target\classes\party\pjc\blog\dao\CommentDao.class], file [D:\MyWork\workspace\LvcBlog\target\classes\party\pjc\blog\dao\LinkDao.class], file [D:\MyWork\workspace\LvcBlog\target\classes\party\pjc\blog\dao\PostDao.class], file [D:\MyWork\workspace\LvcBlog\target\classes\party\pjc\blog\dao\TagsDao.class], file [D:\MyWork\workspace\LvcBlog\target\classes\party\pjc\blog\dao\UserDao.class]]
[DEBUG] 2017-05-22 02:54:34,827 method:org.springframework.context.annotation.ClassPathScanningCandidateComponentProvider.findCandidateComponents(ClassPathScanningCandidateComponentProvider.java:286)
Identified candidate component class: file [D:\MyWork\workspace\LvcBlog\target\classes\party\pjc\blog\dao\CategoriesDao.class]
[DEBUG] 2017-05-22 02:54:34,827 method:org.springframework.context.annotation.ClassPathScanningCandidateComponentProvider.findCandidateComponents(ClassPathScanningCandidateComponentProvider.java:286)
Identified candidate component class: file [D:\MyWork\workspace\LvcBlog\target\classes\party\pjc\blog\dao\CommentDao.class]
[DEBUG] 2017-05-22 02:54:34,828 method:org.springframework.context.annotation.ClassPathScanningCandidateComponentProvider.findCandidateComponents(ClassPathScanningCandidateComponentProvider.java:286)
Identified candidate component class: file [D:\MyWork\workspace\LvcBlog\target\classes\party\pjc\blog\dao\LinkDao.class]
[DEBUG] 2017-05-22 02:54:34,828 method:org.springframework.context.annotation.ClassPathScanningCandidateComponentProvider.findCandidateComponents(ClassPathScanningCandidateComponentProvider.java:286)
Identified candidate component class: file [D:\MyWork\workspace\LvcBlog\target\classes\party\pjc\blog\dao\PostDao.class]
[DEBUG] 2017-05-22 02:54:34,829 method:org.springframework.context.annotation.ClassPathScanningCandidateComponentProvider.findCandidateComponents(ClassPathScanningCandidateComponentProvider.java:286)
Identified candidate component class: file [D:\MyWork\workspace\LvcBlog\target\classes\party\pjc\blog\dao\TagsDao.class]
[DEBUG] 2017-05-22 02:54:34,829 method:org.springframework.context.annotation.ClassPathScanningCandidateComponentProvider.findCandidateComponents(ClassPathScanningCandidateComponentProvider.java:286)
Identified candidate component class: file [D:\MyWork\workspace\LvcBlog\target\classes\party\pjc\blog\dao\UserDao.class]
[DEBUG] 2017-05-22 02:54:34,830 method:org.mybatis.spring.mapper.ClassPathMapperScanner.processBeanDefinitions(ClassPathMapperScanner.java:181)
Creating MapperFactoryBean with name &apos;categoriesDao&apos; and &apos;party.pjc.blog.dao.CategoriesDao&apos; mapperInterface
[DEBUG] 2017-05-22 02:54:34,830 method:org.mybatis.spring.mapper.ClassPathMapperScanner.processBeanDefinitions(ClassPathMapperScanner.java:181)
Creating MapperFactoryBean with name &apos;commentDao&apos; and &apos;party.pjc.blog.dao.CommentDao&apos; mapperInterface
[DEBUG] 2017-05-22 02:54:34,831 method:org.mybatis.spring.mapper.ClassPathMapperScanner.processBeanDefinitions(ClassPathMapperScanner.java:181)
Creating MapperFactoryBean with name &apos;linkDao&apos; and &apos;party.pjc.blog.dao.LinkDao&apos; mapperInterface
[DEBUG] 2017-05-22 02:54:34,831 method:org.mybatis.spring.mapper.ClassPathMapperScanner.processBeanDefinitions(ClassPathMapperScanner.java:181)
Creating MapperFactoryBean with name &apos;postDao&apos; and &apos;party.pjc.blog.dao.PostDao&apos; mapperInterface
[DEBUG] 2017-05-22 02:54:34,831 method:org.mybatis.spring.mapper.ClassPathMapperScanner.processBeanDefinitions(ClassPathMapperScanner.java:181)
Creating MapperFactoryBean with name &apos;tagsDao&apos; and &apos;party.pjc.blog.dao.TagsDao&apos; mapperInterface
[DEBUG] 2017-05-22 02:54:34,831 method:org.mybatis.spring.mapper.ClassPathMapperScanner.processBeanDefinitions(ClassPathMapperScanner.java:181)
Creating MapperFactoryBean with name &apos;userDao&apos; and &apos;party.pjc.blog.dao.UserDao&apos; mapperInterface
[DEBUG] 2017-05-22 02:54:34,836 method:org.springframework.beans.factory.support.DefaultSingletonBeanRegistry.getSingleton(DefaultSingletonBeanRegistry.java:221)
Creating shared instance of singleton bean &apos;org.springframework.context.annotation.internalAutowiredAnnotationProcessor&apos;
[DEBUG] 2017-05-22 02:54:34,836 method:org.springframework.beans.factory.support.AbstractAutowireCapableBeanFactory.createBean(AbstractAutowireCapableBeanFactory.java:450)
Creating instance of bean &apos;org.springframework.context.annotation.internalAutowiredAnnotationProcessor&apos;
[DEBUG] 2017-05-22 02:54:34,837 method:org.springframework.beans.factory.support.AbstractAutowireCapableBeanFactory.doCreateBean(AbstractAutowireCapableBeanFactory.java:523)
Eagerly caching bean &apos;org.springframework.context.annotation.internalAutowiredAnnotationProcessor&apos; to allow for resolving potential circular references
[DEBUG] 2017-05-22 02:54:34,838 method:org.springframework.beans.factory.support.AbstractAutowireCapableBeanFactory.createBean(AbstractAutowireCapableBeanFactory.java:478)
Finished creating instance of bean &apos;org.springframework.context.annotation.internalAutowiredAnnotationProcessor&apos;
[DEBUG] 2017-05-22 02:54:34,845 method:org.springframework.beans.factory.support.DefaultSingletonBeanRegistry.getSingleton(DefaultSingletonBeanRegistry.java:221)
Creating shared instance of singleton bean &apos;org.springframework.context.annotation.internalRequiredAnnotationProcessor&apos;
[DEBUG] 2017-05-22 02:54:34,845 method:org.springframework.beans.factory.support.AbstractAutowireCapableBeanFactory.createBean(AbstractAutowireCapableBeanFactory.java:450)
Creating instance of bean &apos;org.springframework.context.annotation.internalRequiredAnnotationProcessor&apos;
[DEBUG] 2017-05-22 02:54:34,846 method:org.springframework.beans.factory.support.AbstractAutowireCapableBeanFactory.doCreateBean(AbstractAutowireCapableBeanFactory.java:523)
Eagerly caching bean &apos;org.springframework.context.annotation.internalRequiredAnnotationProcessor&apos; to allow for resolving potential circular references
[DEBUG] 2017-05-22 02:54:34,846 method:org.springframework.beans.factory.support.AbstractAutowireCapableBeanFactory.createBean(AbstractAutowireCapableBeanFactory.java:478)
Finished creating instance of bean &apos;org.springframework.context.annotation.internalRequiredAnnotationProcessor&apos;
[DEBUG] 2017-05-22 02:54:34,846 method:org.springframework.beans.factory.support.DefaultSingletonBeanRegistry.getSingleton(DefaultSingletonBeanRegistry.java:221)
Creating shared instance of singleton bean &apos;org.springframework.context.annotation.internalCommonAnnotationProcessor&apos;
[DEBUG] 2017-05-22 02:54:34,847 method:org.springframework.beans.factory.support.AbstractAutowireCapableBeanFactory.createBean(AbstractAutowireCapableBeanFactory.java:450)
Creating instance of bean &apos;org.springframework.context.annotation.internalCommonAnnotationProcessor&apos;
[DEBUG] 2017-05-22 02:54:34,847 method:org.springframework.beans.factory.support.AbstractAutowireCapableBeanFactory.doCreateBean(AbstractAutowireCapableBeanFactory.java:523)
[...]
ringframework.context.annotation.internalAutowiredAnnotationProcessor,org.springframework.context.annotation.internalRequiredAnnotationProcessor,org.springframework.context.annotation.internalCommonAnnotationProcessor,dataSource,sqlSessionFactory,org.mybatis.spring.mapper.MapperScannerConfigurer#0,transactionManager,myRealm,securityManager,shiroFilter,lifecycleBeanPostProcessor,org.springframework.aop.framework.autoproxy.DefaultAdvisorAutoProxyCreator#0,org.apache.shiro.spring.security.interceptor.AuthorizationAttributeSourceAdvisor#0,txAdvice,org.springframework.aop.config.internalAutoProxyCreator,serviceOperation,org.springframework.aop.support.DefaultBeanFactoryPointcutAdvisor#0,multipartResolver,postAdminController,systemAdminController,adminController,archiveController,categoriesController,commenController,commentController,linkController,postController,tagsController,uploadController,org.springframework.web.servlet.mvc.annotation.AnnotationMethodHandlerAdapter#0,org.springframework.web.servlet.resource.DefaultServletHttpRequestHandler#0,org.springframework.web.servlet.handler.SimpleUrlHandlerMapping#0,org.springframework.web.servlet.handler.BeanNameUrlHandlerMapping,org.springframework.web.servlet.mvc.HttpRequestHandlerAdapter,org.springframework.web.servlet.mvc.SimpleControllerHandlerAdapter,mvcContentNegotiationManager,org.springframework.web.servlet.mvc.method.annotation.RequestMappingHandlerMapping#0,org.springframework.format.support.FormattingConversionServiceFactoryBean#0,org.springframework.web.servlet.mvc.method.annotation.RequestMappingHandlerAdapter#0,mvcUriComponentsContributor,org.springframework.web.servlet.handler.MappedInterceptor#0,org.springframework.web.servlet.mvc.method.annotation.ExceptionHandlerExceptionResolver#0,org.springframework.web.servlet.mvc.annotation.ResponseStatusExceptionResolver#0,org.springframework.web.servlet.mvc.support.DefaultHandlerExceptionResolver#0,org.springframework.web.servlet.resource.DefaultServletHttpRequestHandler#1,org.springframework.web.servlet.handler.SimpleUrlHandlerMapping#1,viewResolver,jedisPoolConfig,redisClient,jedisClientSingleService,org.springframework.context.annotation.ConfigurationClassPostProcessor.importAwareProcessor,org.springframework.context.annotation.ConfigurationClassPostProcessor.enhancedConfigurationProcessor,categoriesDao,commentDao,linkDao,postDao,tagsDao,userDao]; root of factory hierarchy
[ERROR] 2017-05-22 02:54:36,060 method:org.springframework.test.context.TestContextManager.prepareTestInstance(TestContextManager.java:215)
Caught exception while allowing TestExecutionListener [org.springframework.test.context.support.DependencyInjectionTestExecutionListener@1a1da881] to prepare test instance [party.pjc.blog.service.impl.PostServiceTest@3dedb4a6]
java.lang.IllegalStateException: Failed to load ApplicationContext
	at org.springframework.test.context.DefaultCacheAwareContextLoaderDelegate.loadContext(DefaultCacheAwareContextLoaderDelegate.java:94)
	at org.springframework.test.context.DefaultTestContext.getApplicationContext(DefaultTestContext.java:72)
	at org.springframework.test.context.support.DependencyInjectionTestExecutionListener.injectDependencies(DependencyInjectionTestExecutionListener.java:117)
	at org.springframework.test.context.support.DependencyInjectionTestExecutionListener.prepareTestInstance(DependencyInjectionTestExecutionListener.java:83)
	at org.springframework.test.context.TestContextManager.prepareTestInstance(TestContextManager.java:212)
	at org.springframework.test.context.junit4.SpringJUnit4ClassRunner.createTest(SpringJUnit4ClassRunner.java:200)
	at org.springframework.test.context.junit4.SpringJUnit4ClassRunner$1.runReflectiveCall(SpringJUnit4ClassRunner.java:259)
	at org.junit.internal.runners.model.ReflectiveCallable.run(ReflectiveCallable.java:12)
	at org.springframework.test.context.junit4.SpringJUnit4ClassRunner.methodBlock(SpringJUnit4ClassRunner.java:261)
	at org.springframework.test.context.junit4.SpringJUnit4ClassRunner.runChild(SpringJUnit4ClassRunner.java:219)
	at org.springframework.test.context.junit4.SpringJUnit4ClassRunner.runChild(SpringJUnit4ClassRunner.java:83)
	at org.junit.runners.ParentRunner$3.run(ParentRunner.java:238)
	at org.junit.runners.ParentRunner$1.schedule(ParentRunner.java:63)
	at org.junit.runners.ParentRunner.runChildren(ParentRunner.java:236)
	at org.junit.runners.ParentRunner.access$000(ParentRunner.java:53)
	at org.junit.runners.ParentRunner$2.evaluate(ParentRunner.java:229)
	at org.springframework.test.context.junit4.statements.RunBeforeTestClassCallbacks.evaluate(RunBeforeTestClassCallbacks.java:61)
	at org.springframework.test.context.junit4.statements.RunAfterTestClassCallbacks.evaluate(RunAfterTestClassCallbacks.java:68)
	at org.junit.runners.ParentRunner.run(ParentRunner.java:309)
	at org.springframework.test.context.junit4.SpringJUnit4ClassRunner.run(SpringJUnit4ClassRunner.java:163)
	at org.apache.maven.surefire.junit4.JUnit4Provider.execute(JUnit4Provider.java:252)
	at org.apache.maven.surefire.junit4.JUnit4Provider.executeTestSet(JUnit4Provider.java:141)
	at org.apache.maven.surefire.junit4.JUnit4Provider.invoke(JUnit4Provider.java:112)
	at sun.reflect.NativeMethodAccessorImpl.invoke0(Native Method)
	at sun.reflect.NativeMethodAccessorImpl.invoke(NativeMethodAccessorImpl.java:62)
	at sun.reflect.DelegatingMethodAccessorImpl.invoke(DelegatingMethodAccessorImpl.java:43)
	at java.lang.reflect.Method.invoke(Method.java:498)
	at org.apache.maven.surefire.util.ReflectionUtils.invokeMethodWithArray(ReflectionUtils.java:189)
	at org.apache.maven.surefire.booter.ProviderFactory$ProviderProxy.invoke(ProviderFactory.java:165)
	at org.apache.maven.surefire.booter.ProviderFactory.invokeProvider(ProviderFactory.java:85)
	at org.apache.maven.surefire.booter.ForkedBooter.runSuitesInProcess(ForkedBooter.java:115)
	at org.apache.maven.surefire.booter.ForkedBooter.main(ForkedBooter.java:75)
Caused by: org.springframework.beans.factory.BeanCreationException: Error creating bean with name &apos;shiroFilter&apos; defined in class path resource [applicationContext.xml]: BeanPostProcessor before instantiation of bean failed; nested exception is org.springframework.beans.factory.BeanCreationException: Error creating bean with name &apos;org.apache.shiro.spring.security.interceptor.AuthorizationAttributeSourceAdvisor#0&apos; defined in class path resource [applicationContext.xml]: Cannot resolve reference to bean &apos;securityManager&apos; while setting bean property &apos;securityManager&apos;; nested exception is org.springframework.beans.factory.BeanCreationException: Error creating bean with name &apos;securityManager&apos; defined in class path resource [applicationContext.xml]: Cannot resolve reference to bean &apos;myRealm&apos; while setting bean property &apos;realm&apos;; nested exception is org.springframework.beans.factory.BeanCreationException: Error creating bean with name &apos;myRealm&apos;: Injection of autowired dependencies failed; nested exception is org.springframework.beans.factory.BeanCreationException: Could not autowire field: private party.pjc.blog.service.UserService party.pjc.blog.realm.MyRealm.userService; nested exception is java.lang.NoClassDefFoundError: javax/servlet/ServletContext
Related cause: org.springframework.beans.factory.BeanCurrentlyInCreationException: Error creating bean with name &apos;shiroFilter&apos;: Requested bean is currently in creation: Is there an unresolvable circular reference?
	at org.springframework.beans.factory.support.AbstractAutowireCapableBeanFactory.createBean(AbstractAutowireCapableBeanFactory.java:472)
	at org.springframework.beans.factory.support.AbstractBeanFactory$1.getObject(AbstractBeanFactory.java:303)
	at org.springframework.beans.factory.support.DefaultSingletonBeanRegistry.getSingleton(DefaultSingletonBeanRegistry.java:230)
	at org.springframework.beans.factory.support.AbstractBeanFactory.doGetBean(AbstractBeanFactory.java:299)
	at org.springframework.beans.factory.support.AbstractBeanFactory.getBean(AbstractBeanFactory.java:199)
	at org.springframework.context.support.PostProcessorRegistrationDelegate.registerBeanPostProcessors(PostProcessorRegistrationDelegate.java:232)
	at org.springframework.context.support.AbstractApplicationContext.registerBeanPostProcessors(AbstractApplicationContext.java:615)
	at org.springframework.context.support.AbstractApplicationContext.refresh(AbstractApplicationContext.java:465)
	at org.springframework.test.context.support.AbstractGenericContextLoader.loadContext(AbstractGenericContextLoader.java:125)
	at org.springframework.test.context.support.AbstractGenericContextLoader.loadContext(AbstractGenericContextLoader.java:60)
	at org.springframework.test.context.support.AbstractDelegatingSmartContextLoader.delegateLoading(AbstractDelegatingSmartContextLoader.java:109)
	at org.springframework.test.context.support.AbstractDelegatingSmartContextLoader.loadContext(AbstractDelegatingSmartContextLoader.java:261)
	at org.springframework.test.context.DefaultCacheAwareContextLoaderDelegate.loadContextInternal(DefaultCacheAwareContextLoaderDelegate.java:68)
	at org.springframework.test.context.DefaultCacheAwareContextLoaderDelegate.loadContext(DefaultCacheAwareContextLoaderDelegate.java:86)
	... 31 more
Caused by: org.springframework.beans.factory.BeanCreationException: Error creating bean with name &apos;org.apache.shiro.spring.security.interceptor.AuthorizationAttributeSourceAdvisor#0&apos; defined in class path resource [applicationContext.xml]: Cannot resolve reference to bean &apos;securityManager&apos; while setting bean property &apos;securityManager&apos;; nested exception is org.springframework.beans.factory.BeanCreationException: Error creating bean with name &apos;securityManager&apos; defined in class path resource [applicationContext.xml]: Cannot resolve reference to bean &apos;myRealm&apos; while setting bean property &apos;realm&apos;; nested exception is org.springframework.beans.factory.BeanCreationException: Error creating bean with name &apos;myRealm&apos;: Injection of autowired dependencies failed; nested exception is org.springframework.beans.factory.BeanCreationException: Could not autowire field: private party.pjc.blog.service.UserService party.pjc.blog.realm.MyRealm.userService; nested exception is java.lang.NoClassDefFoundError: javax/servlet/ServletContext
	at org.springframework.beans.factory.support.BeanDefinitionValueResolver.resolveReference(BeanDefinitionValueResolver.java:359)
	at org.springframework.beans.factory.support.BeanDefinitionValueResolver.resolveValueIfNecessary(BeanDefinitionValueResolver.java:108)
	at org.springframework.beans.factory.support.AbstractAutowireCapableBeanFactory.applyPropertyValues(AbstractAutowireCapableBeanFactory.java:1477)
	at org.springframework.beans.factory.support.AbstractAutowireCapableBeanFactory.populateBean(AbstractAutowireCapableBeanFactory.java:1222)
	at org.springframework.beans.factory.support.AbstractAutowireCapableBeanFactory.doCreateBean(AbstractAutowireCapableBeanFactory.java:537)
	at org.springframework.beans.factory.support.AbstractAutowireCapableBeanFactory.createBean(AbstractAutowireCapableBeanFactory.java:476)
	at org.springframework.beans.factory.support.AbstractBeanFactory$1.getObject(AbstractBeanFactory.java:303)
	at org.springframework.beans.factory.support.DefaultSingletonBeanRegistry.getSingleton(DefaultSingletonBeanRegistry.java:230)
	at org.springframework.beans.factory.support.AbstractBeanFactory.doGetBean(AbstractBeanFactory.java:299)
	at org.springframework.beans.factory.support.AbstractBeanFactory.getBean(AbstractBeanFactory.java:199)
	at org.springframework.aop.framework.autoproxy.BeanFactoryAdvisorRetrievalHelper.findAdvisorBeans(BeanFactoryAdvisorRetrievalHelper.java:92)
	at org.springframework.aop.framework.autoproxy.AbstractAdvisorAutoProxyCreator.findCandidateAdvisors(AbstractAdvisorAutoProxyCreator.java:101)
	at org.springframework.aop.aspectj.autoproxy.AspectJAwareAdvisorAutoProxyCreator.shouldSkip(AspectJAwareAdvisorAutoProxyCreator.java:103)
	at org.springframework.aop.framework.autoproxy.AbstractAutoProxyCreator.postProcessBeforeInstantiation(AbstractAutoProxyCreator.java:243)
	at org.springframework.beans.factory.support.AbstractAutowireCapableBeanFactory.applyBeanPostProcessorsBeforeInstantiation(AbstractAutowireCapableBeanFactory.java:984)
	at org.springframework.beans.factory.support.AbstractAutowireCapableBeanFactory.resolveBeforeInstantiation(AbstractAutowireCapableBeanFactory.java:955)
	at org.springframework.beans.factory.support.AbstractAutowireCapableBeanFactory.createBean(AbstractAutowireCapableBeanFactory.java:466)
	... 44 more
Caused by: org.springframework.beans.factory.BeanCreationException: Error creating bean with name &apos;securityManager&apos; defined in class path resource [applicationContext.xml]: Cannot resolve reference to bean &apos;myRealm&apos; while setting bean property &apos;realm&apos;; nested exception is org.springframework.beans.factory.BeanCreationException: Error creating bean with name &apos;myRealm&apos;: Injection of autowired dependencies failed; nested exception is org.springframework.beans.factory.BeanCreationException: Could not autowire field: private party.pjc.blog.service.UserService party.pjc.blog.realm.MyRealm.userService; nested exception is java.lang.NoClassDefFoundError: javax/servlet/ServletContext
	at org.springframework.beans.factory.support.BeanDefinitionValueResolver.resolveReference(BeanDefinitionValueResolver.java:359)
	at org.springframework.beans.factory.support.BeanDefinitionValueResolver.resolveValueIfNecessary(BeanDefinitionValueResolver.java:108)
	at org.springframework.beans.factory.support.AbstractAutowireCapableBeanFactory.applyPropertyValues(AbstractAutowireCapableBeanFactory.java:1477)
	at org.springframework.beans.factory.support.AbstractAutowireCapableBeanFactory.populateBean(AbstractAutowireCapableBeanFactory.java:1222)
	at org.springframework.beans.factory.support.AbstractAutowireCapableBeanFactory.doCreateBean(AbstractAutowireCapableBeanFactory.java:537)
	at org.springframework.beans.factory.support.AbstractAutowireCapableBeanFactory.createBean(AbstractAutowireCapableBeanFactory.java:476)
	at org.springframework.beans.factory.support.AbstractBeanFactory$1.getObject(AbstractBeanFactory.java:303)
	at org.springframework.beans.factory.support.DefaultSingletonBeanRegistry.getSingleton(DefaultSingletonBeanRegistry.java:230)
	at org.springframework.beans.factory.support.AbstractBeanFactory.doGetBean(AbstractBeanFactory.java:299)
	at org.springframework.beans.factory.support.AbstractBeanFactory.getBean(AbstractBeanFactory.java:194)
	at org.springframework.beans.factory.support.BeanDefinitionValueResolver.resolveReference(BeanDefinitionValueResolver.java:351)
	... 60 more
Caused by: org.springframework.beans.factory.BeanCreationException: Error creating bean with name &apos;myRealm&apos;: Injection of autowired dependencies failed; nested exception is org.springframework.beans.factory.BeanCreationException: Could not autowire field: private party.pjc.blog.service.UserService party.pjc.blog.realm.MyRealm.userService; nested exception is java.lang.NoClassDefFoundError: javax/servlet/ServletContext
	at org.springframework.beans.factory.annotation.AutowiredAnnotationBeanPostProcessor.postProcessPropertyValues(AutowiredAnnotationBeanPostProcessor.java:334)
	at org.springframework.beans.factory.support.AbstractAutowireCapableBeanFactory.populateBean(AbstractAutowireCapableBeanFactory.java:1210)
	at org.springframework.beans.factory.support.AbstractAutowireCapableBeanFactory.doCreateBean(AbstractAutowireCapableBeanFactory.java:537)
	at org.springframework.beans.factory.support.AbstractAutowireCapableBeanFactory.createBean(AbstractAutowireCapableBeanFactory.java:476)
	at org.springframework.beans.factory.support.AbstractBeanFactory$1.getObject(AbstractBeanFactory.java:303)
	at org.springframework.beans.factory.support.DefaultSingletonBeanRegistry.getSingleton(DefaultSingletonBeanRegistry.java:230)
	at org.springframework.beans.factory.support.AbstractBeanFactory.doGetBean(AbstractBeanFactory.java:299)
	at org.springframework.beans.factory.support.AbstractBeanFactory.getBean(AbstractBeanFactory.java:194)
	at org.springframework.beans.factory.support.BeanDefinitionValueResolver.resolveReference(BeanDefinitionValueResolver.java:351)
	... 70 more
Caused by: org.springframework.beans.factory.BeanCreationException: Could not autowire field: private party.pjc.blog.service.UserService party.pjc.blog.realm.MyRealm.userService; nested exception is java.lang.NoClassDefFoundError: javax/servlet/ServletContext
	at org.springframework.beans.factory.annotation.AutowiredAnnotationBeanPostProcessor$AutowiredFieldElement.inject(AutowiredAnnotationBeanPostProcessor.java:561)
	at org.springframework.beans.factory.annotation.InjectionMetadata.inject(InjectionMetadata.java:88)
	at org.springframework.beans.factory.annotation.AutowiredAnnotationBeanPostProcessor.postProcessPropertyValues(AutowiredAnnotationBeanPostProcessor.java:331)
	... 78 more
Caused by: java.lang.NoClassDefFoundError: javax/servlet/ServletContext
	at java.lang.Class.getDeclaredMethods0(Native Method)
	at java.lang.Class.privateGetDeclaredMethods(Class.java:2701)
	at java.lang.Class.getDeclaredMethods(Class.java:1975)
	at org.springframework.util.ReflectionUtils.getDeclaredMethods(ReflectionUtils.java:572)
	at org.springframework.util.ReflectionUtils.doWithMethods(ReflectionUtils.java:489)
	at org.springframework.util.ReflectionUtils.doWithMethods(ReflectionUtils.java:475)
	at org.springframework.beans.factory.annotation.AutowiredAnnotationBeanPostProcessor.determineCandidateConstructors(AutowiredAnnotationBeanPostProcessor.java:241)
	at org.springframework.beans.factory.support.AbstractAutowireCapableBeanFactory.determineConstructorsFromBeanPostProcessors(AbstractAutowireCapableBeanFactory.java:1065)
	at org.springframework.beans.factory.support.AbstractAutowireCapableBeanFactory.createBeanInstance(AbstractAutowireCapableBeanFactory.java:1038)
	at org.springframework.beans.factory.support.AbstractAutowireCapableBeanFactory.getSingletonFactoryBeanForTypeCheck(AbstractAutowireCapableBeanFactory.java:860)
	at org.springframework.beans.factory.support.AbstractAutowireCapableBeanFactory.getTypeForFactoryBean(AbstractAutowireCapableBeanFactory.java:790)
	at org.springframework.beans.factory.support.AbstractBeanFactory.isTypeMatch(AbstractBeanFactory.java:542)
	at org.springframework.beans.factory.support.DefaultListableBeanFactory.doGetBeanNamesForType(DefaultListableBeanFactory.java:436)
	at org.springframework.beans.factory.support.DefaultListableBeanFactory.getBeanNamesForType(DefaultListableBeanFactory.java:404)
	at org.springframework.beans.factory.BeanFactoryUtils.beanNamesForTypeIncludingAncestors(BeanFactoryUtils.java:186)
	at org.springframework.beans.factory.support.DefaultListableBeanFactory.findAutowireCandidates(DefaultListableBeanFactory.java:1105)
	at org.springframework.beans.factory.support.DefaultListableBeanFactory.doResolveDependency(DefaultListableBeanFactory.java:1044)
	at org.springframework.beans.factory.support.DefaultListableBeanFactory.resolveDependency(DefaultListableBeanFactory.java:942)
	at org.springframework.beans.factory.annotation.AutowiredAnnotationBeanPostProcessor$AutowiredFieldElement.inject(AutowiredAnnotationBeanPostProcessor.java:533)
	... 80 more
Caused by: java.lang.ClassNotFoundException: javax.servlet.ServletContext
	at java.net.URLClassLoader.findClass(URLClassLoader.java:381)
	at java.lang.ClassLoader.loadClass(ClassLoader.java:424)
	at sun.misc.Launcher$AppClassLoader.loadClass(Launcher.java:335)
	at java.lang.ClassLoader.loadClass(ClassLoader.java:357)
	... 99 more
</system-out>
  </testcase>
</testsuite>